[0.971s] DEBUG:colcon:Command line arguments: ['/usr/bin/colcon', 'build', '--symlink-install']
[0.971s] DEBUG:colcon:Parsed command line arguments: Namespace(log_base=None, log_level=None, verb_name='build', build_base='build', install_base='install', merge_install=False, symlink_install=True, test_result_base=None, continue_on_error=False, executor='parallel', parallel_workers=14, event_handlers=None, ignore_user_meta=False, metas=['./colcon.meta'], base_paths=['.'], packages_ignore=None, packages_ignore_regex=None, paths=None, packages_up_to=None, packages_up_to_regex=None, packages_above=None, packages_above_and_dependencies=None, packages_above_depth=None, packages_select_by_dep=None, packages_skip_by_dep=None, packages_skip_up_to=None, packages_select_build_failed=False, packages_skip_build_finished=False, packages_select_test_failures=False, packages_skip_test_passed=False, packages_select=None, packages_skip=None, packages_select_regex=None, packages_skip_regex=None, packages_start=None, packages_end=None, allow_overriding=[], cmake_args=None, cmake_target=None, cmake_target_skip_unavailable=False, cmake_clean_cache=False, cmake_clean_first=False, cmake_force_configure=False, ament_cmake_args=None, catkin_cmake_args=None, catkin_skip_building_tests=False, verb_parser=<colcon_defaults.argument_parser.defaults.DefaultArgumentsDecorator object at 0x7f9e65e912d0>, verb_extension=<colcon_core.verb.build.BuildVerb object at 0x7f9e65e90490>, main=<bound method BuildVerb.main of <colcon_core.verb.build.BuildVerb object at 0x7f9e65e90490>>)
[2.173s] Level 1:colcon.colcon_core.package_discovery:discover_packages(colcon_meta) check parameters
[2.174s] Level 1:colcon.colcon_core.package_discovery:discover_packages(recursive) check parameters
[2.174s] Level 1:colcon.colcon_core.package_discovery:discover_packages(ignore) check parameters
[2.174s] Level 1:colcon.colcon_core.package_discovery:discover_packages(path) check parameters
[2.174s] Level 1:colcon.colcon_core.package_discovery:discover_packages(colcon_meta) discover
[2.174s] Level 1:colcon.colcon_core.package_discovery:discover_packages(recursive) discover
[2.175s] INFO:colcon.colcon_core.package_discovery:Crawling recursively for packages in '/home/hmashood/exercises_ws'
[2.175s] Level 1:colcon.colcon_core.package_identification:_identify(.) by extensions ['ignore', 'ignore_ament_install']
[2.176s] Level 1:colcon.colcon_core.package_identification:_identify(.) by extension 'ignore'
[2.176s] Level 1:colcon.colcon_core.package_identification:_identify(.) by extension 'ignore_ament_install'
[2.176s] Level 1:colcon.colcon_core.package_identification:_identify(.) by extensions ['colcon_pkg']
[2.176s] Level 1:colcon.colcon_core.package_identification:_identify(.) by extension 'colcon_pkg'
[2.176s] Level 1:colcon.colcon_core.package_identification:_identify(.) by extensions ['colcon_meta']
[2.177s] Level 1:colcon.colcon_core.package_identification:_identify(.) by extension 'colcon_meta'
[2.177s] Level 1:colcon.colcon_core.package_identification:_identify(.) by extensions ['ros']
[2.177s] Level 1:colcon.colcon_core.package_identification:_identify(.) by extension 'ros'
[2.224s] Level 1:colcon.colcon_core.package_identification:_identify(.) by extensions ['cmake', 'python']
[2.225s] Level 1:colcon.colcon_core.package_identification:_identify(.) by extension 'cmake'
[2.225s] Level 1:colcon.colcon_core.package_identification:_identify(.) by extension 'python'
[2.225s] Level 1:colcon.colcon_core.package_identification:_identify(.) by extensions ['python_setup_py']
[2.225s] Level 1:colcon.colcon_core.package_identification:_identify(.) by extension 'python_setup_py'
[2.227s] Level 1:colcon.colcon_core.package_identification:_identify(build) by extensions ['ignore', 'ignore_ament_install']
[2.227s] Level 1:colcon.colcon_core.package_identification:_identify(build) by extension 'ignore'
[2.227s] Level 1:colcon.colcon_core.package_identification:_identify(build) ignored
[2.228s] Level 1:colcon.colcon_core.package_identification:_identify(install) by extensions ['ignore', 'ignore_ament_install']
[2.229s] Level 1:colcon.colcon_core.package_identification:_identify(install) by extension 'ignore'
[2.229s] Level 1:colcon.colcon_core.package_identification:_identify(install) ignored
[2.230s] Level 1:colcon.colcon_core.package_identification:_identify(log) by extensions ['ignore', 'ignore_ament_install']
[2.230s] Level 1:colcon.colcon_core.package_identification:_identify(log) by extension 'ignore'
[2.230s] Level 1:colcon.colcon_core.package_identification:_identify(log) ignored
[2.231s] Level 1:colcon.colcon_core.package_identification:_identify(src) by extensions ['ignore', 'ignore_ament_install']
[2.231s] Level 1:colcon.colcon_core.package_identification:_identify(src) by extension 'ignore'
[2.231s] Level 1:colcon.colcon_core.package_identification:_identify(src) by extension 'ignore_ament_install'
[2.231s] Level 1:colcon.colcon_core.package_identification:_identify(src) by extensions ['colcon_pkg']
[2.232s] Level 1:colcon.colcon_core.package_identification:_identify(src) by extension 'colcon_pkg'
[2.232s] Level 1:colcon.colcon_core.package_identification:_identify(src) by extensions ['colcon_meta']
[2.232s] Level 1:colcon.colcon_core.package_identification:_identify(src) by extension 'colcon_meta'
[2.232s] Level 1:colcon.colcon_core.package_identification:_identify(src) by extensions ['ros']
[2.233s] Level 1:colcon.colcon_core.package_identification:_identify(src) by extension 'ros'
[2.233s] Level 1:colcon.colcon_core.package_identification:_identify(src) by extensions ['cmake', 'python']
[2.233s] Level 1:colcon.colcon_core.package_identification:_identify(src) by extension 'cmake'
[2.233s] Level 1:colcon.colcon_core.package_identification:_identify(src) by extension 'python'
[2.233s] Level 1:colcon.colcon_core.package_identification:_identify(src) by extensions ['python_setup_py']
[2.234s] Level 1:colcon.colcon_core.package_identification:_identify(src) by extension 'python_setup_py'
[2.234s] Level 1:colcon.colcon_core.package_identification:_identify(src/path_planner_example) by extensions ['ignore', 'ignore_ament_install']
[2.235s] Level 1:colcon.colcon_core.package_identification:_identify(src/path_planner_example) by extension 'ignore'
[2.235s] Level 1:colcon.colcon_core.package_identification:_identify(src/path_planner_example) by extension 'ignore_ament_install'
[2.236s] Level 1:colcon.colcon_core.package_identification:_identify(src/path_planner_example) by extensions ['colcon_pkg']
[2.236s] Level 1:colcon.colcon_core.package_identification:_identify(src/path_planner_example) by extension 'colcon_pkg'
[2.236s] Level 1:colcon.colcon_core.package_identification:_identify(src/path_planner_example) by extensions ['colcon_meta']
[2.236s] Level 1:colcon.colcon_core.package_identification:_identify(src/path_planner_example) by extension 'colcon_meta'
[2.237s] Level 1:colcon.colcon_core.package_identification:_identify(src/path_planner_example) by extensions ['ros']
[2.237s] Level 1:colcon.colcon_core.package_identification:_identify(src/path_planner_example) by extension 'ros'
[2.242s] DEBUG:colcon.colcon_core.package_identification:Package 'src/path_planner_example' with type 'ros.ament_python' and name 'path_planner_example'
[2.242s] Level 1:colcon.colcon_core.package_identification:_identify(src/ros2_exercises) by extensions ['ignore', 'ignore_ament_install']
[2.243s] Level 1:colcon.colcon_core.package_identification:_identify(src/ros2_exercises) by extension 'ignore'
[2.243s] Level 1:colcon.colcon_core.package_identification:_identify(src/ros2_exercises) by extension 'ignore_ament_install'
[2.244s] Level 1:colcon.colcon_core.package_identification:_identify(src/ros2_exercises) by extensions ['colcon_pkg']
[2.244s] Level 1:colcon.colcon_core.package_identification:_identify(src/ros2_exercises) by extension 'colcon_pkg'
[2.245s] Level 1:colcon.colcon_core.package_identification:_identify(src/ros2_exercises) by extensions ['colcon_meta']
[2.245s] Level 1:colcon.colcon_core.package_identification:_identify(src/ros2_exercises) by extension 'colcon_meta'
[2.246s] Level 1:colcon.colcon_core.package_identification:_identify(src/ros2_exercises) by extensions ['ros']
[2.246s] Level 1:colcon.colcon_core.package_identification:_identify(src/ros2_exercises) by extension 'ros'
[2.250s] DEBUG:colcon.colcon_core.package_identification:Package 'src/ros2_exercises' with type 'ros.ament_python' and name 'ros2_exercises'
[2.250s] Level 1:colcon.colcon_core.package_discovery:discover_packages(recursive) using defaults
[2.251s] Level 1:colcon.colcon_core.package_discovery:discover_packages(ignore) discover
[2.251s] Level 1:colcon.colcon_core.package_discovery:discover_packages(ignore) using defaults
[2.251s] Level 1:colcon.colcon_core.package_discovery:discover_packages(path) discover
[2.251s] Level 1:colcon.colcon_core.package_discovery:discover_packages(path) using defaults
[2.454s] Level 1:colcon.colcon_core.package_discovery:discover_packages(prefix_path) check parameters
[2.456s] Level 1:colcon.colcon_core.package_discovery:discover_packages(prefix_path) discover
[2.477s] DEBUG:colcon.colcon_installed_package_information.package_discovery:Found 2 installed packages in /home/hmashood/exercises_ws/install
[2.480s] DEBUG:colcon.colcon_installed_package_information.package_discovery:Found 4 installed packages in /home/hmashood/ros2_ws/install
[2.481s] DEBUG:colcon.colcon_installed_package_information.package_discovery:Found 2 installed packages in /home/hmashood/ros2_ws/src/install
[2.501s] DEBUG:colcon.colcon_installed_package_information.package_discovery:Found 327 installed packages in /opt/ros/humble
[2.687s] Level 1:colcon.colcon_core.package_discovery:discover_packages(prefix_path) using defaults
[3.489s] Level 5:colcon.colcon_core.verb:set package 'path_planner_example' build argument 'cmake_args' from command line to 'None'
[3.491s] Level 5:colcon.colcon_core.verb:set package 'path_planner_example' build argument 'cmake_target' from command line to 'None'
[3.491s] Level 5:colcon.colcon_core.verb:set package 'path_planner_example' build argument 'cmake_target_skip_unavailable' from command line to 'False'
[3.491s] Level 5:colcon.colcon_core.verb:set package 'path_planner_example' build argument 'cmake_clean_cache' from command line to 'False'
[3.492s] Level 5:colcon.colcon_core.verb:set package 'path_planner_example' build argument 'cmake_clean_first' from command line to 'False'
[3.492s] Level 5:colcon.colcon_core.verb:set package 'path_planner_example' build argument 'cmake_force_configure' from command line to 'False'
[3.492s] Level 5:colcon.colcon_core.verb:set package 'path_planner_example' build argument 'ament_cmake_args' from command line to 'None'
[3.492s] Level 5:colcon.colcon_core.verb:set package 'path_planner_example' build argument 'catkin_cmake_args' from command line to 'None'
[3.492s] Level 5:colcon.colcon_core.verb:set package 'path_planner_example' build argument 'catkin_skip_building_tests' from command line to 'False'
[3.492s] DEBUG:colcon.colcon_core.verb:Building package 'path_planner_example' with the following arguments: {'ament_cmake_args': None, 'build_base': '/home/hmashood/exercises_ws/build/path_planner_example', 'catkin_cmake_args': None, 'catkin_skip_building_tests': False, 'cmake_args': None, 'cmake_clean_cache': False, 'cmake_clean_first': False, 'cmake_force_configure': False, 'cmake_target': None, 'cmake_target_skip_unavailable': False, 'install_base': '/home/hmashood/exercises_ws/install/path_planner_example', 'merge_install': False, 'path': '/home/hmashood/exercises_ws/src/path_planner_example', 'symlink_install': True, 'test_result_base': None}
[3.496s] Level 5:colcon.colcon_core.verb:set package 'ros2_exercises' build argument 'cmake_args' from command line to 'None'
[3.496s] Level 5:colcon.colcon_core.verb:set package 'ros2_exercises' build argument 'cmake_target' from command line to 'None'
[3.497s] Level 5:colcon.colcon_core.verb:set package 'ros2_exercises' build argument 'cmake_target_skip_unavailable' from command line to 'False'
[3.497s] Level 5:colcon.colcon_core.verb:set package 'ros2_exercises' build argument 'cmake_clean_cache' from command line to 'False'
[3.497s] Level 5:colcon.colcon_core.verb:set package 'ros2_exercises' build argument 'cmake_clean_first' from command line to 'False'
[3.498s] Level 5:colcon.colcon_core.verb:set package 'ros2_exercises' build argument 'cmake_force_configure' from command line to 'False'
[3.498s] Level 5:colcon.colcon_core.verb:set package 'ros2_exercises' build argument 'ament_cmake_args' from command line to 'None'
[3.498s] Level 5:colcon.colcon_core.verb:set package 'ros2_exercises' build argument 'catkin_cmake_args' from command line to 'None'
[3.498s] Level 5:colcon.colcon_core.verb:set package 'ros2_exercises' build argument 'catkin_skip_building_tests' from command line to 'False'
[3.499s] DEBUG:colcon.colcon_core.verb:Building package 'ros2_exercises' with the following arguments: {'ament_cmake_args': None, 'build_base': '/home/hmashood/exercises_ws/build/ros2_exercises', 'catkin_cmake_args': None, 'catkin_skip_building_tests': False, 'cmake_args': None, 'cmake_clean_cache': False, 'cmake_clean_first': False, 'cmake_force_configure': False, 'cmake_target': None, 'cmake_target_skip_unavailable': False, 'install_base': '/home/hmashood/exercises_ws/install/ros2_exercises', 'merge_install': False, 'path': '/home/hmashood/exercises_ws/src/ros2_exercises', 'symlink_install': True, 'test_result_base': None}
[3.500s] INFO:colcon.colcon_core.executor:Executing jobs using 'parallel' executor
[3.504s] DEBUG:colcon.colcon_parallel_executor.executor.parallel:run_until_complete
[3.505s] INFO:colcon.colcon_ros.task.ament_python.build:Building ROS package in '/home/hmashood/exercises_ws/src/path_planner_example' with build type 'ament_python'
[3.505s] Level 1:colcon.colcon_core.shell:create_environment_hook('path_planner_example', 'ament_prefix_path')
[3.522s] INFO:colcon.colcon_core.plugin_system:Skipping extension 'colcon_core.shell.bat': Not used on non-Windows systems
[3.524s] INFO:colcon.colcon_core.shell:Creating environment hook '/home/hmashood/exercises_ws/install/path_planner_example/share/path_planner_example/hook/ament_prefix_path.ps1'
[3.531s] INFO:colcon.colcon_core.shell:Creating environment descriptor '/home/hmashood/exercises_ws/install/path_planner_example/share/path_planner_example/hook/ament_prefix_path.dsv'
[3.532s] INFO:colcon.colcon_core.shell:Creating environment hook '/home/hmashood/exercises_ws/install/path_planner_example/share/path_planner_example/hook/ament_prefix_path.sh'
[3.540s] INFO:colcon.colcon_core.shell:Skip shell extension 'powershell' for command environment: Not usable outside of PowerShell
[3.541s] DEBUG:colcon.colcon_core.shell:Skip shell extension 'dsv' for command environment
[3.590s] INFO:colcon.colcon_ros.task.ament_python.build:Building ROS package in '/home/hmashood/exercises_ws/src/ros2_exercises' with build type 'ament_python'
[3.591s] Level 1:colcon.colcon_core.shell:create_environment_hook('ros2_exercises', 'ament_prefix_path')
[3.592s] INFO:colcon.colcon_core.shell:Creating environment hook '/home/hmashood/exercises_ws/install/ros2_exercises/share/ros2_exercises/hook/ament_prefix_path.ps1'
[3.595s] INFO:colcon.colcon_core.shell:Creating environment descriptor '/home/hmashood/exercises_ws/install/ros2_exercises/share/ros2_exercises/hook/ament_prefix_path.dsv'
[3.596s] INFO:colcon.colcon_core.shell:Creating environment hook '/home/hmashood/exercises_ws/install/ros2_exercises/share/ros2_exercises/hook/ament_prefix_path.sh'
[3.598s] INFO:colcon.colcon_core.shell:Skip shell extension 'powershell' for command environment: Not usable outside of PowerShell
[3.599s] DEBUG:colcon.colcon_core.shell:Skip shell extension 'dsv' for command environment
[5.769s] INFO:colcon.colcon_core.task.python.build:Building Python package in '/home/hmashood/exercises_ws/src/path_planner_example'
[5.770s] INFO:colcon.colcon_core.shell:Skip shell extension 'powershell' for command environment: Not usable outside of PowerShell
[5.770s] DEBUG:colcon.colcon_core.shell:Skip shell extension 'dsv' for command environment
[7.755s] INFO:colcon.colcon_core.task.python.build:Building Python package in '/home/hmashood/exercises_ws/src/ros2_exercises'
[7.761s] INFO:colcon.colcon_core.shell:Skip shell extension 'powershell' for command environment: Not usable outside of PowerShell
[7.762s] DEBUG:colcon.colcon_core.shell:Skip shell extension 'dsv' for command environment
[11.789s] DEBUG:colcon.colcon_core.event_handler.log_command:Invoking command in '/home/hmashood/exercises_ws/build/path_planner_example': PYTHONPATH=/home/hmashood/exercises_ws/build/path_planner_example/prefix_override:/usr/lib/python3/dist-packages/colcon_core/task/python/colcon_distutils_commands:/home/hmashood/exercises_ws/install/path_planner_example/lib/python3.10/site-packages:${PYTHONPATH} /usr/bin/python3 -W ignore:setup.py install is deprecated -W ignore:easy_install command is deprecated setup.py develop --editable --build-directory /home/hmashood/exercises_ws/build/path_planner_example/build --no-deps symlink_data
[11.986s] DEBUG:colcon.colcon_core.event_handler.log_command:Invoking command in '/home/hmashood/exercises_ws/build/ros2_exercises': PYTHONPATH=/home/hmashood/exercises_ws/build/ros2_exercises/prefix_override:/usr/lib/python3/dist-packages/colcon_core/task/python/colcon_distutils_commands:/home/hmashood/exercises_ws/install/ros2_exercises/lib/python3.10/site-packages:${PYTHONPATH} /usr/bin/python3 -W ignore:setup.py install is deprecated -W ignore:easy_install command is deprecated setup.py develop --editable --build-directory /home/hmashood/exercises_ws/build/ros2_exercises/build --no-deps symlink_data
[15.140s] Level 1:colcon.colcon_core.shell:create_environment_hook('ros2_exercises', 'pythonpath_develop')
[15.142s] INFO:colcon.colcon_core.shell:Creating environment hook '/home/hmashood/exercises_ws/build/ros2_exercises/share/ros2_exercises/hook/pythonpath_develop.ps1'
[15.143s] DEBUG:colcon.colcon_core.event_handler.log_command:Invoked command in '/home/hmashood/exercises_ws/build/ros2_exercises' returned '0': PYTHONPATH=/home/hmashood/exercises_ws/build/ros2_exercises/prefix_override:/usr/lib/python3/dist-packages/colcon_core/task/python/colcon_distutils_commands:/home/hmashood/exercises_ws/install/ros2_exercises/lib/python3.10/site-packages:${PYTHONPATH} /usr/bin/python3 -W ignore:setup.py install is deprecated -W ignore:easy_install command is deprecated setup.py develop --editable --build-directory /home/hmashood/exercises_ws/build/ros2_exercises/build --no-deps symlink_data
[15.150s] INFO:colcon.colcon_core.shell:Creating environment descriptor '/home/hmashood/exercises_ws/build/ros2_exercises/share/ros2_exercises/hook/pythonpath_develop.dsv'
[15.178s] INFO:colcon.colcon_core.shell:Creating environment hook '/home/hmashood/exercises_ws/build/ros2_exercises/share/ros2_exercises/hook/pythonpath_develop.sh'
[15.285s] Level 1:colcon.colcon_core.environment:checking '/home/hmashood/exercises_ws/install/ros2_exercises' for CMake module files
[15.286s] Level 1:colcon.colcon_core.environment:checking '/home/hmashood/exercises_ws/install/ros2_exercises' for CMake config files
[15.288s] Level 1:colcon.colcon_core.environment:checking '/home/hmashood/exercises_ws/install/ros2_exercises/lib'
[15.288s] Level 1:colcon.colcon_core.environment:checking '/home/hmashood/exercises_ws/install/ros2_exercises/bin'
[15.291s] Level 1:colcon.colcon_core.environment:checking '/home/hmashood/exercises_ws/install/ros2_exercises/lib/pkgconfig/ros2_exercises.pc'
[15.294s] Level 1:colcon.colcon_core.environment:checking '/home/hmashood/exercises_ws/install/ros2_exercises/lib/python3.10/site-packages'
[15.294s] Level 1:colcon.colcon_core.shell:create_environment_hook('ros2_exercises', 'pythonpath')
[15.295s] INFO:colcon.colcon_core.shell:Creating environment hook '/home/hmashood/exercises_ws/install/ros2_exercises/share/ros2_exercises/hook/pythonpath.ps1'
[15.299s] INFO:colcon.colcon_core.shell:Creating environment descriptor '/home/hmashood/exercises_ws/install/ros2_exercises/share/ros2_exercises/hook/pythonpath.dsv'
[15.309s] INFO:colcon.colcon_core.shell:Creating environment hook '/home/hmashood/exercises_ws/install/ros2_exercises/share/ros2_exercises/hook/pythonpath.sh'
[15.313s] Level 1:colcon.colcon_core.environment:checking '/home/hmashood/exercises_ws/install/ros2_exercises/bin'
[15.313s] Level 1:colcon.colcon_core.environment:create_environment_scripts_only(ros2_exercises)
[15.315s] INFO:colcon.colcon_core.shell:Creating package script '/home/hmashood/exercises_ws/install/ros2_exercises/share/ros2_exercises/package.ps1'
[15.317s] INFO:colcon.colcon_core.shell:Creating package descriptor '/home/hmashood/exercises_ws/install/ros2_exercises/share/ros2_exercises/package.dsv'
[15.318s] INFO:colcon.colcon_core.shell:Creating package script '/home/hmashood/exercises_ws/install/ros2_exercises/share/ros2_exercises/package.sh'
[15.351s] INFO:colcon.colcon_core.shell:Creating package script '/home/hmashood/exercises_ws/install/ros2_exercises/share/ros2_exercises/package.bash'
[15.370s] INFO:colcon.colcon_core.shell:Creating package script '/home/hmashood/exercises_ws/install/ros2_exercises/share/ros2_exercises/package.zsh'
[15.379s] Level 1:colcon.colcon_core.environment:create_file_with_runtime_dependencies(/home/hmashood/exercises_ws/install/ros2_exercises/share/colcon-core/packages/ros2_exercises)
[17.762s] Level 1:colcon.colcon_core.shell:create_environment_hook('path_planner_example', 'pythonpath_develop')
[17.763s] INFO:colcon.colcon_core.shell:Creating environment hook '/home/hmashood/exercises_ws/build/path_planner_example/share/path_planner_example/hook/pythonpath_develop.ps1'
[17.765s] DEBUG:colcon.colcon_core.event_handler.log_command:Invoked command in '/home/hmashood/exercises_ws/build/path_planner_example' returned '0': PYTHONPATH=/home/hmashood/exercises_ws/build/path_planner_example/prefix_override:/usr/lib/python3/dist-packages/colcon_core/task/python/colcon_distutils_commands:/home/hmashood/exercises_ws/install/path_planner_example/lib/python3.10/site-packages:${PYTHONPATH} /usr/bin/python3 -W ignore:setup.py install is deprecated -W ignore:easy_install command is deprecated setup.py develop --editable --build-directory /home/hmashood/exercises_ws/build/path_planner_example/build --no-deps symlink_data
[17.766s] INFO:colcon.colcon_core.shell:Creating environment descriptor '/home/hmashood/exercises_ws/build/path_planner_example/share/path_planner_example/hook/pythonpath_develop.dsv'
[17.767s] INFO:colcon.colcon_core.shell:Creating environment hook '/home/hmashood/exercises_ws/build/path_planner_example/share/path_planner_example/hook/pythonpath_develop.sh'
[17.769s] Level 1:colcon.colcon_core.environment:checking '/home/hmashood/exercises_ws/install/path_planner_example' for CMake module files
[17.769s] Level 1:colcon.colcon_core.environment:checking '/home/hmashood/exercises_ws/install/path_planner_example' for CMake config files
[17.770s] Level 1:colcon.colcon_core.environment:checking '/home/hmashood/exercises_ws/install/path_planner_example/lib'
[17.771s] Level 1:colcon.colcon_core.environment:checking '/home/hmashood/exercises_ws/install/path_planner_example/bin'
[17.771s] Level 1:colcon.colcon_core.environment:checking '/home/hmashood/exercises_ws/install/path_planner_example/lib/pkgconfig/path_planner_example.pc'
[17.773s] Level 1:colcon.colcon_core.environment:checking '/home/hmashood/exercises_ws/install/path_planner_example/lib/python3.10/site-packages'
[17.773s] Level 1:colcon.colcon_core.shell:create_environment_hook('path_planner_example', 'pythonpath')
[17.774s] INFO:colcon.colcon_core.shell:Creating environment hook '/home/hmashood/exercises_ws/install/path_planner_example/share/path_planner_example/hook/pythonpath.ps1'
[17.776s] INFO:colcon.colcon_core.shell:Creating environment descriptor '/home/hmashood/exercises_ws/install/path_planner_example/share/path_planner_example/hook/pythonpath.dsv'
[17.777s] INFO:colcon.colcon_core.shell:Creating environment hook '/home/hmashood/exercises_ws/install/path_planner_example/share/path_planner_example/hook/pythonpath.sh'
[17.778s] Level 1:colcon.colcon_core.environment:checking '/home/hmashood/exercises_ws/install/path_planner_example/bin'
[17.778s] Level 1:colcon.colcon_core.environment:create_environment_scripts_only(path_planner_example)
[17.779s] INFO:colcon.colcon_core.shell:Creating package script '/home/hmashood/exercises_ws/install/path_planner_example/share/path_planner_example/package.ps1'
[17.783s] INFO:colcon.colcon_core.shell:Creating package descriptor '/home/hmashood/exercises_ws/install/path_planner_example/share/path_planner_example/package.dsv'
[17.788s] INFO:colcon.colcon_core.shell:Creating package script '/home/hmashood/exercises_ws/install/path_planner_example/share/path_planner_example/package.sh'
[17.792s] INFO:colcon.colcon_core.shell:Creating package script '/home/hmashood/exercises_ws/install/path_planner_example/share/path_planner_example/package.bash'
[17.799s] INFO:colcon.colcon_core.shell:Creating package script '/home/hmashood/exercises_ws/install/path_planner_example/share/path_planner_example/package.zsh'
[17.810s] Level 1:colcon.colcon_core.environment:create_file_with_runtime_dependencies(/home/hmashood/exercises_ws/install/path_planner_example/share/colcon-core/packages/path_planner_example)
[17.814s] DEBUG:colcon.colcon_parallel_executor.executor.parallel:closing loop
[17.816s] DEBUG:colcon.colcon_parallel_executor.executor.parallel:loop closed
[17.816s] DEBUG:colcon.colcon_parallel_executor.executor.parallel:run_until_complete finished with '0'
[17.817s] DEBUG:colcon.colcon_core.event_reactor:joining thread
[17.860s] INFO:colcon.colcon_core.plugin_system:Skipping extension 'colcon_notification.desktop_notification.terminal_notifier': Not used on non-Darwin systems
[17.860s] INFO:colcon.colcon_core.plugin_system:Skipping extension 'colcon_notification.desktop_notification.win32': Not used on non-Windows systems
[17.860s] INFO:colcon.colcon_notification.desktop_notification:Sending desktop notification using 'notify2'
[19.252s] DEBUG:colcon.colcon_core.event_reactor:joined thread
[19.253s] INFO:colcon.colcon_core.shell:Creating prefix script '/home/hmashood/exercises_ws/install/local_setup.ps1'
[19.255s] INFO:colcon.colcon_core.shell:Creating prefix util module '/home/hmashood/exercises_ws/install/_local_setup_util_ps1.py'
[19.260s] INFO:colcon.colcon_core.shell:Creating prefix chain script '/home/hmashood/exercises_ws/install/setup.ps1'
[19.266s] INFO:colcon.colcon_core.shell:Creating prefix script '/home/hmashood/exercises_ws/install/local_setup.sh'
[19.268s] INFO:colcon.colcon_core.shell:Creating prefix util module '/home/hmashood/exercises_ws/install/_local_setup_util_sh.py'
[19.276s] INFO:colcon.colcon_core.shell:Creating prefix chain script '/home/hmashood/exercises_ws/install/setup.sh'
[19.300s] INFO:colcon.colcon_core.shell:Creating prefix script '/home/hmashood/exercises_ws/install/local_setup.bash'
[19.305s] INFO:colcon.colcon_core.shell:Creating prefix chain script '/home/hmashood/exercises_ws/install/setup.bash'
[19.321s] INFO:colcon.colcon_core.shell:Creating prefix script '/home/hmashood/exercises_ws/install/local_setup.zsh'
[19.331s] INFO:colcon.colcon_core.shell:Creating prefix chain script '/home/hmashood/exercises_ws/install/setup.zsh'
