[0.732s] DEBUG:colcon:Command line arguments: ['/usr/bin/colcon', 'build', '--symlink-install']
[0.734s] DEBUG:colcon:Parsed command line arguments: Namespace(log_base=None, log_level=None, verb_name='build', build_base='build', install_base='install', merge_install=False, symlink_install=True, test_result_base=None, continue_on_error=False, executor='parallel', parallel_workers=14, event_handlers=None, ignore_user_meta=False, metas=['./colcon.meta'], base_paths=['.'], packages_ignore=None, packages_ignore_regex=None, paths=None, packages_up_to=None, packages_up_to_regex=None, packages_above=None, packages_above_and_dependencies=None, packages_above_depth=None, packages_select_by_dep=None, packages_skip_by_dep=None, packages_skip_up_to=None, packages_select_build_failed=False, packages_skip_build_finished=False, packages_select_test_failures=False, packages_skip_test_passed=False, packages_select=None, packages_skip=None, packages_select_regex=None, packages_skip_regex=None, packages_start=None, packages_end=None, allow_overriding=[], cmake_args=None, cmake_target=None, cmake_target_skip_unavailable=False, cmake_clean_cache=False, cmake_clean_first=False, cmake_force_configure=False, ament_cmake_args=None, catkin_cmake_args=None, catkin_skip_building_tests=False, verb_parser=<colcon_defaults.argument_parser.defaults.DefaultArgumentsDecorator object at 0x7fe6a1e79300>, verb_extension=<colcon_core.verb.build.BuildVerb object at 0x7fe6a1e784c0>, main=<bound method BuildVerb.main of <colcon_core.verb.build.BuildVerb object at 0x7fe6a1e784c0>>)
[2.486s] Level 1:colcon.colcon_core.package_discovery:discover_packages(colcon_meta) check parameters
[2.486s] Level 1:colcon.colcon_core.package_discovery:discover_packages(recursive) check parameters
[2.486s] Level 1:colcon.colcon_core.package_discovery:discover_packages(ignore) check parameters
[2.487s] Level 1:colcon.colcon_core.package_discovery:discover_packages(path) check parameters
[2.487s] Level 1:colcon.colcon_core.package_discovery:discover_packages(colcon_meta) discover
[2.488s] Level 1:colcon.colcon_core.package_discovery:discover_packages(recursive) discover
[2.488s] INFO:colcon.colcon_core.package_discovery:Crawling recursively for packages in '/home/hmashood/exercises_ws'
[2.488s] Level 1:colcon.colcon_core.package_identification:_identify(.) by extensions ['ignore', 'ignore_ament_install']
[2.489s] Level 1:colcon.colcon_core.package_identification:_identify(.) by extension 'ignore'
[2.489s] Level 1:colcon.colcon_core.package_identification:_identify(.) by extension 'ignore_ament_install'
[2.490s] Level 1:colcon.colcon_core.package_identification:_identify(.) by extensions ['colcon_pkg']
[2.490s] Level 1:colcon.colcon_core.package_identification:_identify(.) by extension 'colcon_pkg'
[2.491s] Level 1:colcon.colcon_core.package_identification:_identify(.) by extensions ['colcon_meta']
[2.496s] Level 1:colcon.colcon_core.package_identification:_identify(.) by extension 'colcon_meta'
[2.497s] Level 1:colcon.colcon_core.package_identification:_identify(.) by extensions ['ros']
[2.497s] Level 1:colcon.colcon_core.package_identification:_identify(.) by extension 'ros'
[2.630s] Level 1:colcon.colcon_core.package_identification:_identify(.) by extensions ['cmake', 'python']
[2.631s] Level 1:colcon.colcon_core.package_identification:_identify(.) by extension 'cmake'
[2.631s] Level 1:colcon.colcon_core.package_identification:_identify(.) by extension 'python'
[2.631s] Level 1:colcon.colcon_core.package_identification:_identify(.) by extensions ['python_setup_py']
[2.632s] Level 1:colcon.colcon_core.package_identification:_identify(.) by extension 'python_setup_py'
[2.633s] Level 1:colcon.colcon_core.package_identification:_identify(build) by extensions ['ignore', 'ignore_ament_install']
[2.649s] Level 1:colcon.colcon_core.package_identification:_identify(build) by extension 'ignore'
[2.651s] Level 1:colcon.colcon_core.package_identification:_identify(build) ignored
[2.652s] Level 1:colcon.colcon_core.package_identification:_identify(install) by extensions ['ignore', 'ignore_ament_install']
[2.672s] Level 1:colcon.colcon_core.package_identification:_identify(install) by extension 'ignore'
[2.672s] Level 1:colcon.colcon_core.package_identification:_identify(install) ignored
[2.673s] Level 1:colcon.colcon_core.package_identification:_identify(log) by extensions ['ignore', 'ignore_ament_install']
[2.673s] Level 1:colcon.colcon_core.package_identification:_identify(log) by extension 'ignore'
[2.673s] Level 1:colcon.colcon_core.package_identification:_identify(log) ignored
[2.677s] Level 1:colcon.colcon_core.package_identification:_identify(src) by extensions ['ignore', 'ignore_ament_install']
[2.677s] Level 1:colcon.colcon_core.package_identification:_identify(src) by extension 'ignore'
[2.678s] Level 1:colcon.colcon_core.package_identification:_identify(src) by extension 'ignore_ament_install'
[2.679s] Level 1:colcon.colcon_core.package_identification:_identify(src) by extensions ['colcon_pkg']
[2.679s] Level 1:colcon.colcon_core.package_identification:_identify(src) by extension 'colcon_pkg'
[2.680s] Level 1:colcon.colcon_core.package_identification:_identify(src) by extensions ['colcon_meta']
[2.680s] Level 1:colcon.colcon_core.package_identification:_identify(src) by extension 'colcon_meta'
[2.682s] Level 1:colcon.colcon_core.package_identification:_identify(src) by extensions ['ros']
[2.682s] Level 1:colcon.colcon_core.package_identification:_identify(src) by extension 'ros'
[2.683s] Level 1:colcon.colcon_core.package_identification:_identify(src) by extensions ['cmake', 'python']
[2.686s] Level 1:colcon.colcon_core.package_identification:_identify(src) by extension 'cmake'
[2.686s] Level 1:colcon.colcon_core.package_identification:_identify(src) by extension 'python'
[2.686s] Level 1:colcon.colcon_core.package_identification:_identify(src) by extensions ['python_setup_py']
[2.687s] Level 1:colcon.colcon_core.package_identification:_identify(src) by extension 'python_setup_py'
[2.689s] Level 1:colcon.colcon_core.package_identification:_identify(src/path_planner_example) by extensions ['ignore', 'ignore_ament_install']
[2.690s] Level 1:colcon.colcon_core.package_identification:_identify(src/path_planner_example) by extension 'ignore'
[2.690s] Level 1:colcon.colcon_core.package_identification:_identify(src/path_planner_example) by extension 'ignore_ament_install'
[2.690s] Level 1:colcon.colcon_core.package_identification:_identify(src/path_planner_example) by extensions ['colcon_pkg']
[2.690s] Level 1:colcon.colcon_core.package_identification:_identify(src/path_planner_example) by extension 'colcon_pkg'
[2.690s] Level 1:colcon.colcon_core.package_identification:_identify(src/path_planner_example) by extensions ['colcon_meta']
[2.691s] Level 1:colcon.colcon_core.package_identification:_identify(src/path_planner_example) by extension 'colcon_meta'
[2.691s] Level 1:colcon.colcon_core.package_identification:_identify(src/path_planner_example) by extensions ['ros']
[2.692s] Level 1:colcon.colcon_core.package_identification:_identify(src/path_planner_example) by extension 'ros'
[2.708s] DEBUG:colcon.colcon_core.package_identification:Package 'src/path_planner_example' with type 'ros.ament_python' and name 'path_planner_example'
[2.709s] Level 1:colcon.colcon_core.package_identification:_identify(src/ros2_exercises) by extensions ['ignore', 'ignore_ament_install']
[2.709s] Level 1:colcon.colcon_core.package_identification:_identify(src/ros2_exercises) by extension 'ignore'
[2.709s] Level 1:colcon.colcon_core.package_identification:_identify(src/ros2_exercises) by extension 'ignore_ament_install'
[2.709s] Level 1:colcon.colcon_core.package_identification:_identify(src/ros2_exercises) by extensions ['colcon_pkg']
[2.709s] Level 1:colcon.colcon_core.package_identification:_identify(src/ros2_exercises) by extension 'colcon_pkg'
[2.710s] Level 1:colcon.colcon_core.package_identification:_identify(src/ros2_exercises) by extensions ['colcon_meta']
[2.710s] Level 1:colcon.colcon_core.package_identification:_identify(src/ros2_exercises) by extension 'colcon_meta'
[2.710s] Level 1:colcon.colcon_core.package_identification:_identify(src/ros2_exercises) by extensions ['ros']
[2.710s] Level 1:colcon.colcon_core.package_identification:_identify(src/ros2_exercises) by extension 'ros'
[2.713s] DEBUG:colcon.colcon_core.package_identification:Package 'src/ros2_exercises' with type 'ros.ament_python' and name 'ros2_exercises'
[2.714s] Level 1:colcon.colcon_core.package_discovery:discover_packages(recursive) using defaults
[2.714s] Level 1:colcon.colcon_core.package_discovery:discover_packages(ignore) discover
[2.714s] Level 1:colcon.colcon_core.package_discovery:discover_packages(ignore) using defaults
[2.714s] Level 1:colcon.colcon_core.package_discovery:discover_packages(path) discover
[2.714s] Level 1:colcon.colcon_core.package_discovery:discover_packages(path) using defaults
[2.829s] Level 1:colcon.colcon_core.package_discovery:discover_packages(prefix_path) check parameters
[2.829s] Level 1:colcon.colcon_core.package_discovery:discover_packages(prefix_path) discover
[2.852s] DEBUG:colcon.colcon_installed_package_information.package_discovery:Found 2 installed packages in /home/hmashood/exercises_ws/install
[2.861s] DEBUG:colcon.colcon_installed_package_information.package_discovery:Found 4 installed packages in /home/hmashood/ros2_ws/install
[2.864s] DEBUG:colcon.colcon_installed_package_information.package_discovery:Found 2 installed packages in /home/hmashood/ros2_ws/src/install
[2.879s] DEBUG:colcon.colcon_installed_package_information.package_discovery:Found 327 installed packages in /opt/ros/humble
[3.010s] Level 1:colcon.colcon_core.package_discovery:discover_packages(prefix_path) using defaults
[3.867s] Level 5:colcon.colcon_core.verb:set package 'path_planner_example' build argument 'cmake_args' from command line to 'None'
[3.882s] Level 5:colcon.colcon_core.verb:set package 'path_planner_example' build argument 'cmake_target' from command line to 'None'
[3.882s] Level 5:colcon.colcon_core.verb:set package 'path_planner_example' build argument 'cmake_target_skip_unavailable' from command line to 'False'
[3.882s] Level 5:colcon.colcon_core.verb:set package 'path_planner_example' build argument 'cmake_clean_cache' from command line to 'False'
[3.882s] Level 5:colcon.colcon_core.verb:set package 'path_planner_example' build argument 'cmake_clean_first' from command line to 'False'
[3.882s] Level 5:colcon.colcon_core.verb:set package 'path_planner_example' build argument 'cmake_force_configure' from command line to 'False'
[3.882s] Level 5:colcon.colcon_core.verb:set package 'path_planner_example' build argument 'ament_cmake_args' from command line to 'None'
[3.882s] Level 5:colcon.colcon_core.verb:set package 'path_planner_example' build argument 'catkin_cmake_args' from command line to 'None'
[3.882s] Level 5:colcon.colcon_core.verb:set package 'path_planner_example' build argument 'catkin_skip_building_tests' from command line to 'False'
[3.882s] DEBUG:colcon.colcon_core.verb:Building package 'path_planner_example' with the following arguments: {'ament_cmake_args': None, 'build_base': '/home/hmashood/exercises_ws/build/path_planner_example', 'catkin_cmake_args': None, 'catkin_skip_building_tests': False, 'cmake_args': None, 'cmake_clean_cache': False, 'cmake_clean_first': False, 'cmake_force_configure': False, 'cmake_target': None, 'cmake_target_skip_unavailable': False, 'install_base': '/home/hmashood/exercises_ws/install/path_planner_example', 'merge_install': False, 'path': '/home/hmashood/exercises_ws/src/path_planner_example', 'symlink_install': True, 'test_result_base': None}
[3.883s] Level 5:colcon.colcon_core.verb:set package 'ros2_exercises' build argument 'cmake_args' from command line to 'None'
[3.884s] Level 5:colcon.colcon_core.verb:set package 'ros2_exercises' build argument 'cmake_target' from command line to 'None'
[3.884s] Level 5:colcon.colcon_core.verb:set package 'ros2_exercises' build argument 'cmake_target_skip_unavailable' from command line to 'False'
[3.884s] Level 5:colcon.colcon_core.verb:set package 'ros2_exercises' build argument 'cmake_clean_cache' from command line to 'False'
[3.884s] Level 5:colcon.colcon_core.verb:set package 'ros2_exercises' build argument 'cmake_clean_first' from command line to 'False'
[3.884s] Level 5:colcon.colcon_core.verb:set package 'ros2_exercises' build argument 'cmake_force_configure' from command line to 'False'
[3.884s] Level 5:colcon.colcon_core.verb:set package 'ros2_exercises' build argument 'ament_cmake_args' from command line to 'None'
[3.884s] Level 5:colcon.colcon_core.verb:set package 'ros2_exercises' build argument 'catkin_cmake_args' from command line to 'None'
[3.884s] Level 5:colcon.colcon_core.verb:set package 'ros2_exercises' build argument 'catkin_skip_building_tests' from command line to 'False'
[3.884s] DEBUG:colcon.colcon_core.verb:Building package 'ros2_exercises' with the following arguments: {'ament_cmake_args': None, 'build_base': '/home/hmashood/exercises_ws/build/ros2_exercises', 'catkin_cmake_args': None, 'catkin_skip_building_tests': False, 'cmake_args': None, 'cmake_clean_cache': False, 'cmake_clean_first': False, 'cmake_force_configure': False, 'cmake_target': None, 'cmake_target_skip_unavailable': False, 'install_base': '/home/hmashood/exercises_ws/install/ros2_exercises', 'merge_install': False, 'path': '/home/hmashood/exercises_ws/src/ros2_exercises', 'symlink_install': True, 'test_result_base': None}
[3.884s] INFO:colcon.colcon_core.executor:Executing jobs using 'parallel' executor
[3.893s] DEBUG:colcon.colcon_parallel_executor.executor.parallel:run_until_complete
[3.894s] INFO:colcon.colcon_ros.task.ament_python.build:Building ROS package in '/home/hmashood/exercises_ws/src/path_planner_example' with build type 'ament_python'
[3.896s] Level 1:colcon.colcon_core.shell:create_environment_hook('path_planner_example', 'ament_prefix_path')
[3.913s] INFO:colcon.colcon_core.plugin_system:Skipping extension 'colcon_core.shell.bat': Not used on non-Windows systems
[3.914s] INFO:colcon.colcon_core.shell:Creating environment hook '/home/hmashood/exercises_ws/install/path_planner_example/share/path_planner_example/hook/ament_prefix_path.ps1'
[3.917s] INFO:colcon.colcon_core.shell:Creating environment descriptor '/home/hmashood/exercises_ws/install/path_planner_example/share/path_planner_example/hook/ament_prefix_path.dsv'
[3.918s] INFO:colcon.colcon_core.shell:Creating environment hook '/home/hmashood/exercises_ws/install/path_planner_example/share/path_planner_example/hook/ament_prefix_path.sh'
[3.923s] INFO:colcon.colcon_core.shell:Skip shell extension 'powershell' for command environment: Not usable outside of PowerShell
[3.923s] DEBUG:colcon.colcon_core.shell:Skip shell extension 'dsv' for command environment
[3.947s] INFO:colcon.colcon_ros.task.ament_python.build:Building ROS package in '/home/hmashood/exercises_ws/src/ros2_exercises' with build type 'ament_python'
[3.952s] Level 1:colcon.colcon_core.shell:create_environment_hook('ros2_exercises', 'ament_prefix_path')
[3.958s] INFO:colcon.colcon_core.shell:Creating environment hook '/home/hmashood/exercises_ws/install/ros2_exercises/share/ros2_exercises/hook/ament_prefix_path.ps1'
[3.964s] INFO:colcon.colcon_core.shell:Creating environment descriptor '/home/hmashood/exercises_ws/install/ros2_exercises/share/ros2_exercises/hook/ament_prefix_path.dsv'
[3.966s] INFO:colcon.colcon_core.shell:Creating environment hook '/home/hmashood/exercises_ws/install/ros2_exercises/share/ros2_exercises/hook/ament_prefix_path.sh'
[3.969s] INFO:colcon.colcon_core.shell:Skip shell extension 'powershell' for command environment: Not usable outside of PowerShell
[3.970s] DEBUG:colcon.colcon_core.shell:Skip shell extension 'dsv' for command environment
[7.419s] INFO:colcon.colcon_core.task.python.build:Building Python package in '/home/hmashood/exercises_ws/src/path_planner_example'
[7.419s] INFO:colcon.colcon_core.shell:Skip shell extension 'powershell' for command environment: Not usable outside of PowerShell
[7.419s] DEBUG:colcon.colcon_core.shell:Skip shell extension 'dsv' for command environment
[10.762s] INFO:colcon.colcon_core.task.python.build:Building Python package in '/home/hmashood/exercises_ws/src/ros2_exercises'
[10.762s] INFO:colcon.colcon_core.shell:Skip shell extension 'powershell' for command environment: Not usable outside of PowerShell
[10.762s] DEBUG:colcon.colcon_core.shell:Skip shell extension 'dsv' for command environment
[14.824s] DEBUG:colcon.colcon_core.event_handler.log_command:Invoking command in '/home/hmashood/exercises_ws/build/path_planner_example': PYTHONPATH=/home/hmashood/exercises_ws/build/path_planner_example/prefix_override:/usr/lib/python3/dist-packages/colcon_core/task/python/colcon_distutils_commands:/home/hmashood/exercises_ws/install/path_planner_example/lib/python3.10/site-packages:${PYTHONPATH} /usr/bin/python3 -W ignore:setup.py install is deprecated -W ignore:easy_install command is deprecated setup.py develop --editable --build-directory /home/hmashood/exercises_ws/build/path_planner_example/build --no-deps symlink_data
[14.904s] DEBUG:colcon.colcon_core.event_handler.log_command:Invoking command in '/home/hmashood/exercises_ws/build/ros2_exercises': PYTHONPATH=/home/hmashood/exercises_ws/build/ros2_exercises/prefix_override:/usr/lib/python3/dist-packages/colcon_core/task/python/colcon_distutils_commands:/home/hmashood/exercises_ws/install/ros2_exercises/lib/python3.10/site-packages:${PYTHONPATH} /usr/bin/python3 -W ignore:setup.py install is deprecated -W ignore:easy_install command is deprecated setup.py develop --editable --build-directory /home/hmashood/exercises_ws/build/ros2_exercises/build --no-deps symlink_data
[18.497s] Level 1:colcon.colcon_core.shell:create_environment_hook('path_planner_example', 'pythonpath_develop')
[18.498s] DEBUG:colcon.colcon_core.event_handler.log_command:Invoked command in '/home/hmashood/exercises_ws/build/path_planner_example' returned '0': PYTHONPATH=/home/hmashood/exercises_ws/build/path_planner_example/prefix_override:/usr/lib/python3/dist-packages/colcon_core/task/python/colcon_distutils_commands:/home/hmashood/exercises_ws/install/path_planner_example/lib/python3.10/site-packages:${PYTHONPATH} /usr/bin/python3 -W ignore:setup.py install is deprecated -W ignore:easy_install command is deprecated setup.py develop --editable --build-directory /home/hmashood/exercises_ws/build/path_planner_example/build --no-deps symlink_data
[18.499s] INFO:colcon.colcon_core.shell:Creating environment hook '/home/hmashood/exercises_ws/build/path_planner_example/share/path_planner_example/hook/pythonpath_develop.ps1'
[18.501s] INFO:colcon.colcon_core.shell:Creating environment descriptor '/home/hmashood/exercises_ws/build/path_planner_example/share/path_planner_example/hook/pythonpath_develop.dsv'
[18.502s] INFO:colcon.colcon_core.shell:Creating environment hook '/home/hmashood/exercises_ws/build/path_planner_example/share/path_planner_example/hook/pythonpath_develop.sh'
[18.535s] Level 1:colcon.colcon_core.environment:checking '/home/hmashood/exercises_ws/install/path_planner_example' for CMake module files
[18.538s] Level 1:colcon.colcon_core.environment:checking '/home/hmashood/exercises_ws/install/path_planner_example' for CMake config files
[18.546s] Level 1:colcon.colcon_core.environment:checking '/home/hmashood/exercises_ws/install/path_planner_example/lib'
[18.547s] Level 1:colcon.colcon_core.environment:checking '/home/hmashood/exercises_ws/install/path_planner_example/bin'
[18.547s] Level 1:colcon.colcon_core.environment:checking '/home/hmashood/exercises_ws/install/path_planner_example/lib/pkgconfig/path_planner_example.pc'
[18.555s] Level 1:colcon.colcon_core.environment:checking '/home/hmashood/exercises_ws/install/path_planner_example/lib/python3.10/site-packages'
[18.556s] Level 1:colcon.colcon_core.shell:create_environment_hook('path_planner_example', 'pythonpath')
[18.558s] INFO:colcon.colcon_core.shell:Creating environment hook '/home/hmashood/exercises_ws/install/path_planner_example/share/path_planner_example/hook/pythonpath.ps1'
[18.562s] INFO:colcon.colcon_core.shell:Creating environment descriptor '/home/hmashood/exercises_ws/install/path_planner_example/share/path_planner_example/hook/pythonpath.dsv'
[18.570s] INFO:colcon.colcon_core.shell:Creating environment hook '/home/hmashood/exercises_ws/install/path_planner_example/share/path_planner_example/hook/pythonpath.sh'
[18.575s] Level 1:colcon.colcon_core.environment:checking '/home/hmashood/exercises_ws/install/path_planner_example/bin'
[18.576s] Level 1:colcon.colcon_core.environment:create_environment_scripts_only(path_planner_example)
[18.579s] INFO:colcon.colcon_core.shell:Creating package script '/home/hmashood/exercises_ws/install/path_planner_example/share/path_planner_example/package.ps1'
[18.588s] INFO:colcon.colcon_core.shell:Creating package descriptor '/home/hmashood/exercises_ws/install/path_planner_example/share/path_planner_example/package.dsv'
[18.596s] INFO:colcon.colcon_core.shell:Creating package script '/home/hmashood/exercises_ws/install/path_planner_example/share/path_planner_example/package.sh'
[18.603s] INFO:colcon.colcon_core.shell:Creating package script '/home/hmashood/exercises_ws/install/path_planner_example/share/path_planner_example/package.bash'
[18.608s] INFO:colcon.colcon_core.shell:Creating package script '/home/hmashood/exercises_ws/install/path_planner_example/share/path_planner_example/package.zsh'
[18.612s] Level 1:colcon.colcon_core.environment:create_file_with_runtime_dependencies(/home/hmashood/exercises_ws/install/path_planner_example/share/colcon-core/packages/path_planner_example)
[20.563s] Level 1:colcon.colcon_core.shell:create_environment_hook('ros2_exercises', 'pythonpath_develop')
[20.564s] DEBUG:colcon.colcon_core.event_handler.log_command:Invoked command in '/home/hmashood/exercises_ws/build/ros2_exercises' returned '0': PYTHONPATH=/home/hmashood/exercises_ws/build/ros2_exercises/prefix_override:/usr/lib/python3/dist-packages/colcon_core/task/python/colcon_distutils_commands:/home/hmashood/exercises_ws/install/ros2_exercises/lib/python3.10/site-packages:${PYTHONPATH} /usr/bin/python3 -W ignore:setup.py install is deprecated -W ignore:easy_install command is deprecated setup.py develop --editable --build-directory /home/hmashood/exercises_ws/build/ros2_exercises/build --no-deps symlink_data
[20.566s] INFO:colcon.colcon_core.shell:Creating environment hook '/home/hmashood/exercises_ws/build/ros2_exercises/share/ros2_exercises/hook/pythonpath_develop.ps1'
[20.568s] INFO:colcon.colcon_core.shell:Creating environment descriptor '/home/hmashood/exercises_ws/build/ros2_exercises/share/ros2_exercises/hook/pythonpath_develop.dsv'
[20.570s] INFO:colcon.colcon_core.shell:Creating environment hook '/home/hmashood/exercises_ws/build/ros2_exercises/share/ros2_exercises/hook/pythonpath_develop.sh'
[20.576s] Level 1:colcon.colcon_core.environment:checking '/home/hmashood/exercises_ws/install/ros2_exercises' for CMake module files
[20.580s] Level 1:colcon.colcon_core.environment:checking '/home/hmashood/exercises_ws/install/ros2_exercises' for CMake config files
[20.589s] Level 1:colcon.colcon_core.environment:checking '/home/hmashood/exercises_ws/install/ros2_exercises/lib'
[20.589s] Level 1:colcon.colcon_core.environment:checking '/home/hmashood/exercises_ws/install/ros2_exercises/bin'
[20.590s] Level 1:colcon.colcon_core.environment:checking '/home/hmashood/exercises_ws/install/ros2_exercises/lib/pkgconfig/ros2_exercises.pc'
[20.591s] Level 1:colcon.colcon_core.environment:checking '/home/hmashood/exercises_ws/install/ros2_exercises/lib/python3.10/site-packages'
[20.591s] Level 1:colcon.colcon_core.shell:create_environment_hook('ros2_exercises', 'pythonpath')
[20.596s] INFO:colcon.colcon_core.shell:Creating environment hook '/home/hmashood/exercises_ws/install/ros2_exercises/share/ros2_exercises/hook/pythonpath.ps1'
[20.609s] INFO:colcon.colcon_core.shell:Creating environment descriptor '/home/hmashood/exercises_ws/install/ros2_exercises/share/ros2_exercises/hook/pythonpath.dsv'
[20.624s] INFO:colcon.colcon_core.shell:Creating environment hook '/home/hmashood/exercises_ws/install/ros2_exercises/share/ros2_exercises/hook/pythonpath.sh'
[20.645s] Level 1:colcon.colcon_core.environment:checking '/home/hmashood/exercises_ws/install/ros2_exercises/bin'
[20.649s] Level 1:colcon.colcon_core.environment:create_environment_scripts_only(ros2_exercises)
[20.656s] INFO:colcon.colcon_core.shell:Creating package script '/home/hmashood/exercises_ws/install/ros2_exercises/share/ros2_exercises/package.ps1'
[20.677s] INFO:colcon.colcon_core.shell:Creating package descriptor '/home/hmashood/exercises_ws/install/ros2_exercises/share/ros2_exercises/package.dsv'
[20.685s] INFO:colcon.colcon_core.shell:Creating package script '/home/hmashood/exercises_ws/install/ros2_exercises/share/ros2_exercises/package.sh'
[20.697s] INFO:colcon.colcon_core.shell:Creating package script '/home/hmashood/exercises_ws/install/ros2_exercises/share/ros2_exercises/package.bash'
[20.719s] INFO:colcon.colcon_core.shell:Creating package script '/home/hmashood/exercises_ws/install/ros2_exercises/share/ros2_exercises/package.zsh'
[20.749s] Level 1:colcon.colcon_core.environment:create_file_with_runtime_dependencies(/home/hmashood/exercises_ws/install/ros2_exercises/share/colcon-core/packages/ros2_exercises)
[20.766s] DEBUG:colcon.colcon_parallel_executor.executor.parallel:closing loop
[20.767s] DEBUG:colcon.colcon_parallel_executor.executor.parallel:loop closed
[20.768s] DEBUG:colcon.colcon_parallel_executor.executor.parallel:run_until_complete finished with '0'
[20.769s] DEBUG:colcon.colcon_core.event_reactor:joining thread
[20.822s] INFO:colcon.colcon_core.plugin_system:Skipping extension 'colcon_notification.desktop_notification.terminal_notifier': Not used on non-Darwin systems
[20.823s] INFO:colcon.colcon_core.plugin_system:Skipping extension 'colcon_notification.desktop_notification.win32': Not used on non-Windows systems
[20.823s] INFO:colcon.colcon_notification.desktop_notification:Sending desktop notification using 'notify2'
[22.575s] DEBUG:colcon.colcon_core.event_reactor:joined thread
[22.576s] INFO:colcon.colcon_core.shell:Creating prefix script '/home/hmashood/exercises_ws/install/local_setup.ps1'
[22.578s] INFO:colcon.colcon_core.shell:Creating prefix util module '/home/hmashood/exercises_ws/install/_local_setup_util_ps1.py'
[22.589s] INFO:colcon.colcon_core.shell:Creating prefix chain script '/home/hmashood/exercises_ws/install/setup.ps1'
[22.595s] INFO:colcon.colcon_core.shell:Creating prefix script '/home/hmashood/exercises_ws/install/local_setup.sh'
[22.598s] INFO:colcon.colcon_core.shell:Creating prefix util module '/home/hmashood/exercises_ws/install/_local_setup_util_sh.py'
[22.600s] INFO:colcon.colcon_core.shell:Creating prefix chain script '/home/hmashood/exercises_ws/install/setup.sh'
[22.606s] INFO:colcon.colcon_core.shell:Creating prefix script '/home/hmashood/exercises_ws/install/local_setup.bash'
[22.607s] INFO:colcon.colcon_core.shell:Creating prefix chain script '/home/hmashood/exercises_ws/install/setup.bash'
[22.628s] INFO:colcon.colcon_core.shell:Creating prefix script '/home/hmashood/exercises_ws/install/local_setup.zsh'
[22.652s] INFO:colcon.colcon_core.shell:Creating prefix chain script '/home/hmashood/exercises_ws/install/setup.zsh'
