[0.000000] (-) TimerEvent: {}
[0.001385] (path_planner_example) JobQueued: {'identifier': 'path_planner_example', 'dependencies': OrderedDict()}
[0.001722] (ros2_exercises) JobQueued: {'identifier': 'ros2_exercises', 'dependencies': OrderedDict()}
[0.001776] (path_planner_example) JobStarted: {'identifier': 'path_planner_example'}
[0.067285] (ros2_exercises) JobStarted: {'identifier': 'ros2_exercises'}
[0.097766] (-) TimerEvent: {}
[0.198497] (-) TimerEvent: {}
[0.299339] (-) TimerEvent: {}
[0.400634] (-) TimerEvent: {}
[0.502187] (-) TimerEvent: {}
[0.603587] (-) TimerEvent: {}
[0.704782] (-) TimerEvent: {}
[0.805523] (-) TimerEvent: {}
[0.906851] (-) TimerEvent: {}
[1.007337] (-) TimerEvent: {}
[1.108320] (-) TimerEvent: {}
[1.209275] (-) TimerEvent: {}
[1.312523] (-) TimerEvent: {}
[1.412966] (-) TimerEvent: {}
[1.513580] (-) TimerEvent: {}
[1.614949] (-) TimerEvent: {}
[1.715675] (-) TimerEvent: {}
[1.817321] (-) TimerEvent: {}
[1.918344] (-) TimerEvent: {}
[2.019041] (-) TimerEvent: {}
[2.119537] (-) TimerEvent: {}
[2.220322] (-) TimerEvent: {}
[2.320806] (-) TimerEvent: {}
[2.422020] (-) TimerEvent: {}
[2.523286] (-) TimerEvent: {}
[2.624221] (-) TimerEvent: {}
[2.724995] (-) TimerEvent: {}
[2.825461] (-) TimerEvent: {}
[2.926100] (-) TimerEvent: {}
[3.026658] (-) TimerEvent: {}
[3.127193] (-) TimerEvent: {}
[3.227710] (-) TimerEvent: {}
[3.331517] (-) TimerEvent: {}
[3.432396] (-) TimerEvent: {}
[3.533637] (-) TimerEvent: {}
[3.635327] (-) TimerEvent: {}
[3.735814] (-) TimerEvent: {}
[3.836535] (-) TimerEvent: {}
[3.936991] (-) TimerEvent: {}
[4.037620] (-) TimerEvent: {}
[4.138092] (-) TimerEvent: {}
[4.238747] (-) TimerEvent: {}
[4.339316] (-) TimerEvent: {}
[4.440063] (-) TimerEvent: {}
[4.540757] (-) TimerEvent: {}
[4.642453] (-) TimerEvent: {}
[4.743070] (-) TimerEvent: {}
[4.843646] (-) TimerEvent: {}
[4.944155] (-) TimerEvent: {}
[5.044823] (-) TimerEvent: {}
[5.145909] (-) TimerEvent: {}
[5.246450] (-) TimerEvent: {}
[5.347003] (-) TimerEvent: {}
[5.448134] (-) TimerEvent: {}
[5.548738] (-) TimerEvent: {}
[5.653544] (-) TimerEvent: {}
[5.755061] (-) TimerEvent: {}
[5.855564] (-) TimerEvent: {}
[5.956313] (-) TimerEvent: {}
[6.056811] (-) TimerEvent: {}
[6.157326] (-) TimerEvent: {}
[6.257939] (-) TimerEvent: {}
[6.358653] (-) TimerEvent: {}
[6.460393] (-) TimerEvent: {}
[6.564044] (-) TimerEvent: {}
[6.666340] (-) TimerEvent: {}
[6.768181] (-) TimerEvent: {}
[6.868804] (-) TimerEvent: {}
[6.969521] (-) TimerEvent: {}
[7.070668] (-) TimerEvent: {}
[7.171414] (-) TimerEvent: {}
[7.272198] (-) TimerEvent: {}
[7.372773] (-) TimerEvent: {}
[7.473378] (-) TimerEvent: {}
[7.573911] (-) TimerEvent: {}
[7.674366] (-) TimerEvent: {}
[7.774905] (-) TimerEvent: {}
[7.875390] (-) TimerEvent: {}
[7.976036] (-) TimerEvent: {}
[8.076603] (-) TimerEvent: {}
[8.177777] (-) TimerEvent: {}
[8.278421] (-) TimerEvent: {}
[8.378934] (-) TimerEvent: {}
[8.479444] (-) TimerEvent: {}
[8.580105] (-) TimerEvent: {}
[8.680843] (-) TimerEvent: {}
[8.785565] (-) TimerEvent: {}
[8.887398] (-) TimerEvent: {}
[8.989101] (-) TimerEvent: {}
[9.052061] (path_planner_example) Command: {'cmd': ['/usr/bin/python3', '-W', 'ignore:setup.py install is deprecated', '-W', 'ignore:easy_install command is deprecated', 'setup.py', 'develop', '--editable', '--build-directory', '/home/hmashood/exercises_ws/build/path_planner_example/build', '--no-deps', 'symlink_data'], 'cwd': '/home/hmashood/exercises_ws/build/path_planner_example', 'env': {'VNCDESKTOP': '6be1e32f75ec:1 (hmashood)', 'QT_SCALE_FACTOR': '1', 'USER': 'hmashood', 'SUPERVISOR_GROUP_NAME': 'vnc', 'HOSTNAME': '6be1e32f75ec', 'XDG_SESSION_TYPE': 'x11', '__GLX_VENDOR_LIBRARY_NAME': 'nvidia', 'SHLVL': '2', 'LD_LIBRARY_PATH': '/home/hmashood/ros2_ws/install/custom_nav2_planner/lib:/home/hmashood/ros2_ws/install/create_plan_msgs/lib:/opt/ros/humble/opt/rviz_ogre_vendor/lib:/opt/ros/humble/lib/x86_64-linux-gnu:/opt/ros/humble/lib', 'HOME': '/home/hmashood', 'OLDPWD': '/home/hmashood/ros2_ws', 'GIO_LAUNCHED_DESKTOP_FILE': '/usr/share/applications/terminator.desktop', 'ROS_PYTHON_VERSION': '3', 'LC_CTYPE': 'C.UTF-8', 'DBUS_STARTER_BUS_TYPE': 'session', 'DBUS_SESSION_BUS_ADDRESS': 'unix:abstract=/tmp/dbus-4H5sHDYvtO,guid=1c187b5a906137ddb1460dcf67617435', 'COLORTERM': 'truecolor', 'TERMINATOR_DBUS_NAME': 'net.tenshu.Terminator23558193cd9818af7fe4d2c2f5bd9d00f', 'GIO_LAUNCHED_DESKTOP_FILE_PID': '606957', 'GNOME_KEYRING_CONTROL': '/home/hmashood/.cache/keyring-L1AWY2', 'COLCON_PREFIX_PATH': '/home/hmashood/ros2_ws/install:/home/hmashood/exercises_ws/install:/home/hmashood/ros2_ws/src/install', 'ROS_DISTRO': 'humble', '_': '/usr/bin/colcon', 'ROS_VERSION': '2', 'NVIDIA_DRIVER_CAPABILITIES': 'all', 'XDG_SESSION_CLASS': 'user', 'TERM': 'xterm-256color', 'GTK_OVERLAY_SCROLLING': '0', 'ROS_LOCALHOST_ONLY': '0', 'PATH': '/opt/ros/humble/bin:/usr/local/sbin:/usr/local/bin:/usr/sbin:/usr/bin:/sbin:/bin', 'SESSION_MANAGER': 'local/6be1e32f75ec:@/tmp/.ICE-unix/786,unix/6be1e32f75ec:/tmp/.ICE-unix/786', 'DISPLAY': ':1', 'TERMINATOR_DBUS_PATH': '/net/tenshu/Terminator2', 'EXERCISES_WS': '/home/hmashood/exercises_ws', 'XDG_CURRENT_DESKTOP': 'MATE', 'SUPERVISOR_ENABLED': '1', 'SSH_AUTH_SOCK': '/home/hmashood/.cache/keyring-L1AWY2/ssh', 'ROS_DOMAIN_ID': '69', 'AMENT_PREFIX_PATH': '/home/hmashood/exercises_ws/install/ros2_exercises:/home/hmashood/ros2_ws/src/install/ros2_exercises:/home/hmashood/ros2_ws/src/install/andino_gz:/home/hmashood/ros2_ws/install/ros2_exercises:/home/hmashood/ros2_ws/install/custom_nav2_planner:/home/hmashood/ros2_ws/install/create_plan_msgs:/home/hmashood/ros2_ws/install/andino_gz:/opt/ros/humble', 'DEBIAN_FRONTEND': 'noninteractive', 'TERMINATOR_UUID': 'urn:uuid:c087f39b-eb6f-4635-a505-1fe992d0f4ca', 'VNC_PASSWORD': '', 'IGN_GAZEBO_RESOURCE_PATH': '/home/hmashood/ros2_ws/src/install/andino_gz/share/andino_gz/models:/home/hmashood/ros2_ws/install/andino_gz/share/andino_gz/models', 'PASSWD': 'ubuntu', 'SUPERVISOR_SERVER_URL': 'unix:///var/run/supervisor.sock', 'SUPERVISOR_PROCESS_NAME': 'vnc', 'PWD': '/home/hmashood/exercises_ws/build/path_planner_example', 'DBUS_STARTER_ADDRESS': 'unix:abstract=/tmp/dbus-4H5sHDYvtO,guid=1c187b5a906137ddb1460dcf67617435', 'PASSWORD': '', 'PYTHONPATH': '/home/hmashood/exercises_ws/build/path_planner_example/prefix_override:/usr/lib/python3/dist-packages/colcon_core/task/python/colcon_distutils_commands:/home/hmashood/exercises_ws/install/path_planner_example/lib/python3.10/site-packages:/home/hmashood/exercises_ws/build/ros2_exercises:/home/hmashood/exercises_ws/install/ros2_exercises/lib/python3.10/site-packages:/home/hmashood/ros2_ws/src/build/ros2_exercises:/home/hmashood/ros2_ws/src/install/ros2_exercises/lib/python3.10/site-packages:/home/hmashood/ros2_ws/src/install/andino_gz/local/lib/python3.10/dist-packages:/home/hmashood/ros2_ws/build/ros2_exercises:/home/hmashood/ros2_ws/install/ros2_exercises/lib/python3.10/site-packages:/home/hmashood/ros2_ws/install/create_plan_msgs/local/lib/python3.10/dist-packages:/home/hmashood/ros2_ws/install/andino_gz/local/lib/python3.10/dist-packages:/opt/ros/humble/lib/python3.10/site-packages:/opt/ros/humble/local/lib/python3.10/dist-packages', 'NVIDIA_VISIBLE_DEVICES': 'all', 'MATE_DESKTOP_SESSION_ID': 'this-is-deprecated', 'COLCON': '1', 'VTE_VERSION': '6800', 'CMAKE_PREFIX_PATH': '/home/hmashood/ros2_ws/src/install/andino_gz:/home/hmashood/ros2_ws/install/custom_nav2_planner:/home/hmashood/ros2_ws/install/create_plan_msgs:/home/hmashood/ros2_ws/install/andino_gz', 'ROS2_WS': '/home/hmashood/ros2_ws', 'QT_FONT_DPI': '96'}, 'shell': False}
[9.089284] (-) TimerEvent: {}
[9.190977] (-) TimerEvent: {}
[9.291447] (-) TimerEvent: {}
[9.392803] (-) TimerEvent: {}
[9.482266] (ros2_exercises) Command: {'cmd': ['/usr/bin/python3', '-W', 'ignore:setup.py install is deprecated', '-W', 'ignore:easy_install command is deprecated', 'setup.py', 'develop', '--editable', '--build-directory', '/home/hmashood/exercises_ws/build/ros2_exercises/build', '--no-deps', 'symlink_data'], 'cwd': '/home/hmashood/exercises_ws/build/ros2_exercises', 'env': {'VNCDESKTOP': '6be1e32f75ec:1 (hmashood)', 'QT_SCALE_FACTOR': '1', 'USER': 'hmashood', 'SUPERVISOR_GROUP_NAME': 'vnc', 'HOSTNAME': '6be1e32f75ec', 'XDG_SESSION_TYPE': 'x11', '__GLX_VENDOR_LIBRARY_NAME': 'nvidia', 'SHLVL': '2', 'LD_LIBRARY_PATH': '/home/hmashood/ros2_ws/install/custom_nav2_planner/lib:/home/hmashood/ros2_ws/install/create_plan_msgs/lib:/opt/ros/humble/opt/rviz_ogre_vendor/lib:/opt/ros/humble/lib/x86_64-linux-gnu:/opt/ros/humble/lib', 'HOME': '/home/hmashood', 'OLDPWD': '/home/hmashood/ros2_ws', 'GIO_LAUNCHED_DESKTOP_FILE': '/usr/share/applications/terminator.desktop', 'ROS_PYTHON_VERSION': '3', 'LC_CTYPE': 'C.UTF-8', 'DBUS_STARTER_BUS_TYPE': 'session', 'DBUS_SESSION_BUS_ADDRESS': 'unix:abstract=/tmp/dbus-4H5sHDYvtO,guid=1c187b5a906137ddb1460dcf67617435', 'COLORTERM': 'truecolor', 'TERMINATOR_DBUS_NAME': 'net.tenshu.Terminator23558193cd9818af7fe4d2c2f5bd9d00f', 'GIO_LAUNCHED_DESKTOP_FILE_PID': '606957', 'GNOME_KEYRING_CONTROL': '/home/hmashood/.cache/keyring-L1AWY2', 'COLCON_PREFIX_PATH': '/home/hmashood/ros2_ws/install:/home/hmashood/exercises_ws/install:/home/hmashood/ros2_ws/src/install', 'ROS_DISTRO': 'humble', '_': '/usr/bin/colcon', 'ROS_VERSION': '2', 'NVIDIA_DRIVER_CAPABILITIES': 'all', 'XDG_SESSION_CLASS': 'user', 'TERM': 'xterm-256color', 'GTK_OVERLAY_SCROLLING': '0', 'ROS_LOCALHOST_ONLY': '0', 'PATH': '/opt/ros/humble/bin:/usr/local/sbin:/usr/local/bin:/usr/sbin:/usr/bin:/sbin:/bin', 'SESSION_MANAGER': 'local/6be1e32f75ec:@/tmp/.ICE-unix/786,unix/6be1e32f75ec:/tmp/.ICE-unix/786', 'DISPLAY': ':1', 'TERMINATOR_DBUS_PATH': '/net/tenshu/Terminator2', 'EXERCISES_WS': '/home/hmashood/exercises_ws', 'XDG_CURRENT_DESKTOP': 'MATE', 'SUPERVISOR_ENABLED': '1', 'SSH_AUTH_SOCK': '/home/hmashood/.cache/keyring-L1AWY2/ssh', 'ROS_DOMAIN_ID': '69', 'AMENT_PREFIX_PATH': '/home/hmashood/exercises_ws/install/ros2_exercises:/home/hmashood/ros2_ws/src/install/ros2_exercises:/home/hmashood/ros2_ws/src/install/andino_gz:/home/hmashood/ros2_ws/install/ros2_exercises:/home/hmashood/ros2_ws/install/custom_nav2_planner:/home/hmashood/ros2_ws/install/create_plan_msgs:/home/hmashood/ros2_ws/install/andino_gz:/opt/ros/humble', 'DEBIAN_FRONTEND': 'noninteractive', 'TERMINATOR_UUID': 'urn:uuid:c087f39b-eb6f-4635-a505-1fe992d0f4ca', 'VNC_PASSWORD': '', 'IGN_GAZEBO_RESOURCE_PATH': '/home/hmashood/ros2_ws/src/install/andino_gz/share/andino_gz/models:/home/hmashood/ros2_ws/install/andino_gz/share/andino_gz/models', 'PASSWD': 'ubuntu', 'SUPERVISOR_SERVER_URL': 'unix:///var/run/supervisor.sock', 'SUPERVISOR_PROCESS_NAME': 'vnc', 'PWD': '/home/hmashood/exercises_ws/build/ros2_exercises', 'DBUS_STARTER_ADDRESS': 'unix:abstract=/tmp/dbus-4H5sHDYvtO,guid=1c187b5a906137ddb1460dcf67617435', 'PASSWORD': '', 'PYTHONPATH': '/home/hmashood/exercises_ws/build/ros2_exercises/prefix_override:/usr/lib/python3/dist-packages/colcon_core/task/python/colcon_distutils_commands:/home/hmashood/exercises_ws/install/ros2_exercises/lib/python3.10/site-packages:/home/hmashood/exercises_ws/build/ros2_exercises:/home/hmashood/exercises_ws/install/ros2_exercises/lib/python3.10/site-packages:/home/hmashood/ros2_ws/src/build/ros2_exercises:/home/hmashood/ros2_ws/src/install/ros2_exercises/lib/python3.10/site-packages:/home/hmashood/ros2_ws/src/install/andino_gz/local/lib/python3.10/dist-packages:/home/hmashood/ros2_ws/build/ros2_exercises:/home/hmashood/ros2_ws/install/ros2_exercises/lib/python3.10/site-packages:/home/hmashood/ros2_ws/install/create_plan_msgs/local/lib/python3.10/dist-packages:/home/hmashood/ros2_ws/install/andino_gz/local/lib/python3.10/dist-packages:/opt/ros/humble/lib/python3.10/site-packages:/opt/ros/humble/local/lib/python3.10/dist-packages', 'NVIDIA_VISIBLE_DEVICES': 'all', 'MATE_DESKTOP_SESSION_ID': 'this-is-deprecated', 'COLCON': '1', 'VTE_VERSION': '6800', 'CMAKE_PREFIX_PATH': '/home/hmashood/ros2_ws/src/install/andino_gz:/home/hmashood/ros2_ws/install/custom_nav2_planner:/home/hmashood/ros2_ws/install/create_plan_msgs:/home/hmashood/ros2_ws/install/andino_gz', 'ROS2_WS': '/home/hmashood/ros2_ws', 'QT_FONT_DPI': '96'}, 'shell': False}
[9.492950] (-) TimerEvent: {}
[9.593589] (-) TimerEvent: {}
[9.694511] (-) TimerEvent: {}
[9.795024] (-) TimerEvent: {}
[9.895491] (-) TimerEvent: {}
[9.996480] (-) TimerEvent: {}
[10.097067] (-) TimerEvent: {}
[10.197619] (-) TimerEvent: {}
[10.298149] (-) TimerEvent: {}
[10.398597] (-) TimerEvent: {}
[10.499688] (-) TimerEvent: {}
[10.600882] (-) TimerEvent: {}
[10.701486] (-) TimerEvent: {}
[10.802063] (-) TimerEvent: {}
[10.902963] (-) TimerEvent: {}
[11.003411] (-) TimerEvent: {}
[11.054165] (path_planner_example) StdoutLine: {'line': b'running develop\n'}
[11.103957] (-) TimerEvent: {}
[11.204696] (-) TimerEvent: {}
[11.305419] (-) TimerEvent: {}
[11.406154] (-) TimerEvent: {}
[11.506698] (-) TimerEvent: {}
[11.607455] (-) TimerEvent: {}
[11.708213] (-) TimerEvent: {}
[11.808880] (-) TimerEvent: {}
[11.909521] (-) TimerEvent: {}
[11.946054] (ros2_exercises) StdoutLine: {'line': b'running develop\n'}
[12.009652] (-) TimerEvent: {}
[12.110443] (-) TimerEvent: {}
[12.210916] (-) TimerEvent: {}
[12.311408] (-) TimerEvent: {}
[12.368879] (path_planner_example) StdoutLine: {'line': b'running egg_info\n'}
[12.369886] (path_planner_example) StdoutLine: {'line': b'creating path_planner_example.egg-info\n'}
[12.370000] (path_planner_example) StdoutLine: {'line': b'writing path_planner_example.egg-info/PKG-INFO\n'}
[12.370818] (path_planner_example) StdoutLine: {'line': b'writing dependency_links to path_planner_example.egg-info/dependency_links.txt\n'}
[12.372712] (path_planner_example) StdoutLine: {'line': b'writing entry points to path_planner_example.egg-info/entry_points.txt\n'}
[12.372905] (path_planner_example) StdoutLine: {'line': b'writing requirements to path_planner_example.egg-info/requires.txt\n'}
[12.373633] (path_planner_example) StdoutLine: {'line': b'writing top-level names to path_planner_example.egg-info/top_level.txt\n'}
[12.373793] (path_planner_example) StdoutLine: {'line': b"writing manifest file 'path_planner_example.egg-info/SOURCES.txt'\n"}
[12.391469] (path_planner_example) StdoutLine: {'line': b"reading manifest file 'path_planner_example.egg-info/SOURCES.txt'\n"}
[12.393840] (path_planner_example) StdoutLine: {'line': b"writing manifest file 'path_planner_example.egg-info/SOURCES.txt'\n"}
[12.402196] (path_planner_example) StdoutLine: {'line': b'running build_ext\n'}
[12.403457] (path_planner_example) StdoutLine: {'line': b'Creating /home/hmashood/exercises_ws/install/path_planner_example/lib/python3.10/site-packages/path-planner-example.egg-link (link to .)\n'}
[12.407819] (path_planner_example) StdoutLine: {'line': b'Installing path_planner_node script to /home/hmashood/exercises_ws/install/path_planner_example/lib/path_planner_example\n'}
[12.408682] (path_planner_example) StdoutLine: {'line': b'\n'}
[12.408864] (path_planner_example) StdoutLine: {'line': b'Installed /home/hmashood/exercises_ws/build/path_planner_example\n'}
[12.408980] (path_planner_example) StdoutLine: {'line': b'running symlink_data\n'}
[12.409301] (path_planner_example) StdoutLine: {'line': b'creating /home/hmashood/exercises_ws/install/path_planner_example/share/ament_index\n'}
[12.409400] (path_planner_example) StdoutLine: {'line': b'creating /home/hmashood/exercises_ws/install/path_planner_example/share/ament_index/resource_index\n'}
[12.409662] (path_planner_example) StdoutLine: {'line': b'creating /home/hmashood/exercises_ws/install/path_planner_example/share/ament_index/resource_index/packages\n'}
[12.411679] (path_planner_example) StdoutLine: {'line': b'symbolically linking /home/hmashood/exercises_ws/build/path_planner_example/resource/path_planner_example -> /home/hmashood/exercises_ws/install/path_planner_example/share/ament_index/resource_index/packages\n'}
[12.412009] (-) TimerEvent: {}
[12.412550] (path_planner_example) StdoutLine: {'line': b'symbolically linking /home/hmashood/exercises_ws/build/path_planner_example/package.xml -> /home/hmashood/exercises_ws/install/path_planner_example/share/path_planner_example\n'}
[12.512183] (-) TimerEvent: {}
[12.612766] (-) TimerEvent: {}
[12.713312] (-) TimerEvent: {}
[12.814038] (-) TimerEvent: {}
[12.915404] (-) TimerEvent: {}
[13.016018] (-) TimerEvent: {}
[13.116643] (-) TimerEvent: {}
[13.218097] (-) TimerEvent: {}
[13.241339] (path_planner_example) CommandEnded: {'returncode': 0}
[13.328866] (-) TimerEvent: {}
[13.335804] (path_planner_example) JobEnded: {'identifier': 'path_planner_example', 'rc': 0}
[13.429007] (-) TimerEvent: {}
[13.529539] (-) TimerEvent: {}
[13.629980] (-) TimerEvent: {}
[13.730529] (-) TimerEvent: {}
[13.831069] (-) TimerEvent: {}
[13.931632] (-) TimerEvent: {}
[14.032485] (-) TimerEvent: {}
[14.133075] (-) TimerEvent: {}
[14.233714] (-) TimerEvent: {}
[14.278073] (ros2_exercises) StdoutLine: {'line': b'running egg_info\n'}
[14.281064] (ros2_exercises) StdoutLine: {'line': b'writing ros2_exercises.egg-info/PKG-INFO\n'}
[14.284158] (ros2_exercises) StdoutLine: {'line': b'writing dependency_links to ros2_exercises.egg-info/dependency_links.txt\n'}
[14.284723] (ros2_exercises) StdoutLine: {'line': b'writing entry points to ros2_exercises.egg-info/entry_points.txt\n'}
[14.284942] (ros2_exercises) StdoutLine: {'line': b'writing requirements to ros2_exercises.egg-info/requires.txt\n'}
[14.286600] (ros2_exercises) StdoutLine: {'line': b'writing top-level names to ros2_exercises.egg-info/top_level.txt\n'}
[14.296088] (ros2_exercises) StdoutLine: {'line': b"reading manifest file 'ros2_exercises.egg-info/SOURCES.txt'\n"}
[14.299124] (ros2_exercises) StdoutLine: {'line': b"writing manifest file 'ros2_exercises.egg-info/SOURCES.txt'\n"}
[14.315706] (ros2_exercises) StdoutLine: {'line': b'running build_ext\n'}
[14.316226] (ros2_exercises) StdoutLine: {'line': b'Creating /home/hmashood/exercises_ws/install/ros2_exercises/lib/python3.10/site-packages/ros2-exercises.egg-link (link to .)\n'}
[14.319373] (ros2_exercises) StdoutLine: {'line': b'Installing odometry_publisher script to /home/hmashood/exercises_ws/install/ros2_exercises/lib/ros2_exercises\n'}
[14.322645] (ros2_exercises) StdoutLine: {'line': b'\n'}
[14.323243] (ros2_exercises) StdoutLine: {'line': b'Installed /home/hmashood/exercises_ws/build/ros2_exercises\n'}
[14.323447] (ros2_exercises) StdoutLine: {'line': b'running symlink_data\n'}
[14.333829] (-) TimerEvent: {}
[14.434306] (-) TimerEvent: {}
[14.483136] (ros2_exercises) CommandEnded: {'returncode': 0}
[14.537197] (-) TimerEvent: {}
[14.581638] (ros2_exercises) JobEnded: {'identifier': 'ros2_exercises', 'rc': 0}
[14.583910] (-) EventReactorShutdown: {}
