[0.777s] DEBUG:colcon:Command line arguments: ['/usr/bin/colcon', 'build', '--symlink-install']
[0.777s] DEBUG:colcon:Parsed command line arguments: Namespace(log_base=None, log_level=None, verb_name='build', build_base='build', install_base='install', merge_install=False, symlink_install=True, test_result_base=None, continue_on_error=False, executor='parallel', parallel_workers=14, event_handlers=None, ignore_user_meta=False, metas=['./colcon.meta'], base_paths=['.'], packages_ignore=None, packages_ignore_regex=None, paths=None, packages_up_to=None, packages_up_to_regex=None, packages_above=None, packages_above_and_dependencies=None, packages_above_depth=None, packages_select_by_dep=None, packages_skip_by_dep=None, packages_skip_up_to=None, packages_select_build_failed=False, packages_skip_build_finished=False, packages_select_test_failures=False, packages_skip_test_passed=False, packages_select=None, packages_skip=None, packages_select_regex=None, packages_skip_regex=None, packages_start=None, packages_end=None, allow_overriding=[], cmake_args=None, cmake_target=None, cmake_target_skip_unavailable=False, cmake_clean_cache=False, cmake_clean_first=False, cmake_force_configure=False, ament_cmake_args=None, catkin_cmake_args=None, catkin_skip_building_tests=False, verb_parser=<colcon_defaults.argument_parser.defaults.DefaultArgumentsDecorator object at 0x7fe1c888cfd0>, verb_extension=<colcon_core.verb.build.BuildVerb object at 0x7fe1c888c190>, main=<bound method BuildVerb.main of <colcon_core.verb.build.BuildVerb object at 0x7fe1c888c190>>)
[1.381s] Level 1:colcon.colcon_core.package_discovery:discover_packages(colcon_meta) check parameters
[1.382s] Level 1:colcon.colcon_core.package_discovery:discover_packages(recursive) check parameters
[1.382s] Level 1:colcon.colcon_core.package_discovery:discover_packages(ignore) check parameters
[1.382s] Level 1:colcon.colcon_core.package_discovery:discover_packages(path) check parameters
[1.382s] Level 1:colcon.colcon_core.package_discovery:discover_packages(colcon_meta) discover
[1.382s] Level 1:colcon.colcon_core.package_discovery:discover_packages(recursive) discover
[1.382s] INFO:colcon.colcon_core.package_discovery:Crawling recursively for packages in '/home/hmashood/exercises_ws'
[1.383s] Level 1:colcon.colcon_core.package_identification:_identify(.) by extensions ['ignore', 'ignore_ament_install']
[1.383s] Level 1:colcon.colcon_core.package_identification:_identify(.) by extension 'ignore'
[1.383s] Level 1:colcon.colcon_core.package_identification:_identify(.) by extension 'ignore_ament_install'
[1.383s] Level 1:colcon.colcon_core.package_identification:_identify(.) by extensions ['colcon_pkg']
[1.383s] Level 1:colcon.colcon_core.package_identification:_identify(.) by extension 'colcon_pkg'
[1.386s] Level 1:colcon.colcon_core.package_identification:_identify(.) by extensions ['colcon_meta']
[1.386s] Level 1:colcon.colcon_core.package_identification:_identify(.) by extension 'colcon_meta'
[1.386s] Level 1:colcon.colcon_core.package_identification:_identify(.) by extensions ['ros']
[1.386s] Level 1:colcon.colcon_core.package_identification:_identify(.) by extension 'ros'
[1.461s] Level 1:colcon.colcon_core.package_identification:_identify(.) by extensions ['cmake', 'python']
[1.463s] Level 1:colcon.colcon_core.package_identification:_identify(.) by extension 'cmake'
[1.463s] Level 1:colcon.colcon_core.package_identification:_identify(.) by extension 'python'
[1.463s] Level 1:colcon.colcon_core.package_identification:_identify(.) by extensions ['python_setup_py']
[1.464s] Level 1:colcon.colcon_core.package_identification:_identify(.) by extension 'python_setup_py'
[1.465s] Level 1:colcon.colcon_core.package_identification:_identify(build) by extensions ['ignore', 'ignore_ament_install']
[1.466s] Level 1:colcon.colcon_core.package_identification:_identify(build) by extension 'ignore'
[1.466s] Level 1:colcon.colcon_core.package_identification:_identify(build) ignored
[1.466s] Level 1:colcon.colcon_core.package_identification:_identify(install) by extensions ['ignore', 'ignore_ament_install']
[1.466s] Level 1:colcon.colcon_core.package_identification:_identify(install) by extension 'ignore'
[1.467s] Level 1:colcon.colcon_core.package_identification:_identify(install) ignored
[1.467s] Level 1:colcon.colcon_core.package_identification:_identify(log) by extensions ['ignore', 'ignore_ament_install']
[1.468s] Level 1:colcon.colcon_core.package_identification:_identify(log) by extension 'ignore'
[1.468s] Level 1:colcon.colcon_core.package_identification:_identify(log) ignored
[1.468s] Level 1:colcon.colcon_core.package_identification:_identify(src) by extensions ['ignore', 'ignore_ament_install']
[1.470s] Level 1:colcon.colcon_core.package_identification:_identify(src) by extension 'ignore'
[1.470s] Level 1:colcon.colcon_core.package_identification:_identify(src) by extension 'ignore_ament_install'
[1.471s] Level 1:colcon.colcon_core.package_identification:_identify(src) by extensions ['colcon_pkg']
[1.471s] Level 1:colcon.colcon_core.package_identification:_identify(src) by extension 'colcon_pkg'
[1.471s] Level 1:colcon.colcon_core.package_identification:_identify(src) by extensions ['colcon_meta']
[1.471s] Level 1:colcon.colcon_core.package_identification:_identify(src) by extension 'colcon_meta'
[1.472s] Level 1:colcon.colcon_core.package_identification:_identify(src) by extensions ['ros']
[1.472s] Level 1:colcon.colcon_core.package_identification:_identify(src) by extension 'ros'
[1.472s] Level 1:colcon.colcon_core.package_identification:_identify(src) by extensions ['cmake', 'python']
[1.472s] Level 1:colcon.colcon_core.package_identification:_identify(src) by extension 'cmake'
[1.472s] Level 1:colcon.colcon_core.package_identification:_identify(src) by extension 'python'
[1.472s] Level 1:colcon.colcon_core.package_identification:_identify(src) by extensions ['python_setup_py']
[1.472s] Level 1:colcon.colcon_core.package_identification:_identify(src) by extension 'python_setup_py'
[1.473s] Level 1:colcon.colcon_core.package_identification:_identify(src/path_planner_example) by extensions ['ignore', 'ignore_ament_install']
[1.473s] Level 1:colcon.colcon_core.package_identification:_identify(src/path_planner_example) by extension 'ignore'
[1.473s] Level 1:colcon.colcon_core.package_identification:_identify(src/path_planner_example) by extension 'ignore_ament_install'
[1.473s] Level 1:colcon.colcon_core.package_identification:_identify(src/path_planner_example) by extensions ['colcon_pkg']
[1.473s] Level 1:colcon.colcon_core.package_identification:_identify(src/path_planner_example) by extension 'colcon_pkg'
[1.473s] Level 1:colcon.colcon_core.package_identification:_identify(src/path_planner_example) by extensions ['colcon_meta']
[1.473s] Level 1:colcon.colcon_core.package_identification:_identify(src/path_planner_example) by extension 'colcon_meta'
[1.473s] Level 1:colcon.colcon_core.package_identification:_identify(src/path_planner_example) by extensions ['ros']
[1.473s] Level 1:colcon.colcon_core.package_identification:_identify(src/path_planner_example) by extension 'ros'
[1.490s] DEBUG:colcon.colcon_core.package_identification:Package 'src/path_planner_example' with type 'ros.ament_python' and name 'path_planner_example'
[1.490s] Level 1:colcon.colcon_core.package_identification:_identify(src/ros2_exercises) by extensions ['ignore', 'ignore_ament_install']
[1.491s] Level 1:colcon.colcon_core.package_identification:_identify(src/ros2_exercises) by extension 'ignore'
[1.491s] Level 1:colcon.colcon_core.package_identification:_identify(src/ros2_exercises) by extension 'ignore_ament_install'
[1.491s] Level 1:colcon.colcon_core.package_identification:_identify(src/ros2_exercises) by extensions ['colcon_pkg']
[1.491s] Level 1:colcon.colcon_core.package_identification:_identify(src/ros2_exercises) by extension 'colcon_pkg'
[1.491s] Level 1:colcon.colcon_core.package_identification:_identify(src/ros2_exercises) by extensions ['colcon_meta']
[1.491s] Level 1:colcon.colcon_core.package_identification:_identify(src/ros2_exercises) by extension 'colcon_meta'
[1.491s] Level 1:colcon.colcon_core.package_identification:_identify(src/ros2_exercises) by extensions ['ros']
[1.491s] Level 1:colcon.colcon_core.package_identification:_identify(src/ros2_exercises) by extension 'ros'
[1.496s] DEBUG:colcon.colcon_core.package_identification:Package 'src/ros2_exercises' with type 'ros.ament_python' and name 'ros2_exercises'
[1.497s] Level 1:colcon.colcon_core.package_discovery:discover_packages(recursive) using defaults
[1.498s] Level 1:colcon.colcon_core.package_discovery:discover_packages(ignore) discover
[1.498s] Level 1:colcon.colcon_core.package_discovery:discover_packages(ignore) using defaults
[1.498s] Level 1:colcon.colcon_core.package_discovery:discover_packages(path) discover
[1.498s] Level 1:colcon.colcon_core.package_discovery:discover_packages(path) using defaults
[1.690s] Level 1:colcon.colcon_core.package_discovery:discover_packages(prefix_path) check parameters
[1.690s] Level 1:colcon.colcon_core.package_discovery:discover_packages(prefix_path) discover
[1.701s] DEBUG:colcon.colcon_installed_package_information.package_discovery:Found 4 installed packages in /home/hmashood/ros2_ws/install
[1.703s] DEBUG:colcon.colcon_installed_package_information.package_discovery:Found 1 installed packages in /home/hmashood/exercises_ws/install
[1.705s] DEBUG:colcon.colcon_installed_package_information.package_discovery:Found 2 installed packages in /home/hmashood/ros2_ws/src/install
[1.722s] DEBUG:colcon.colcon_installed_package_information.package_discovery:Found 327 installed packages in /opt/ros/humble
[1.841s] Level 1:colcon.colcon_core.package_discovery:discover_packages(prefix_path) using defaults
[2.125s] Level 5:colcon.colcon_core.verb:set package 'path_planner_example' build argument 'cmake_args' from command line to 'None'
[2.126s] Level 5:colcon.colcon_core.verb:set package 'path_planner_example' build argument 'cmake_target' from command line to 'None'
[2.126s] Level 5:colcon.colcon_core.verb:set package 'path_planner_example' build argument 'cmake_target_skip_unavailable' from command line to 'False'
[2.126s] Level 5:colcon.colcon_core.verb:set package 'path_planner_example' build argument 'cmake_clean_cache' from command line to 'False'
[2.126s] Level 5:colcon.colcon_core.verb:set package 'path_planner_example' build argument 'cmake_clean_first' from command line to 'False'
[2.126s] Level 5:colcon.colcon_core.verb:set package 'path_planner_example' build argument 'cmake_force_configure' from command line to 'False'
[2.126s] Level 5:colcon.colcon_core.verb:set package 'path_planner_example' build argument 'ament_cmake_args' from command line to 'None'
[2.126s] Level 5:colcon.colcon_core.verb:set package 'path_planner_example' build argument 'catkin_cmake_args' from command line to 'None'
[2.126s] Level 5:colcon.colcon_core.verb:set package 'path_planner_example' build argument 'catkin_skip_building_tests' from command line to 'False'
[2.126s] DEBUG:colcon.colcon_core.verb:Building package 'path_planner_example' with the following arguments: {'ament_cmake_args': None, 'build_base': '/home/hmashood/exercises_ws/build/path_planner_example', 'catkin_cmake_args': None, 'catkin_skip_building_tests': False, 'cmake_args': None, 'cmake_clean_cache': False, 'cmake_clean_first': False, 'cmake_force_configure': False, 'cmake_target': None, 'cmake_target_skip_unavailable': False, 'install_base': '/home/hmashood/exercises_ws/install/path_planner_example', 'merge_install': False, 'path': '/home/hmashood/exercises_ws/src/path_planner_example', 'symlink_install': True, 'test_result_base': None}
[2.127s] Level 5:colcon.colcon_core.verb:set package 'ros2_exercises' build argument 'cmake_args' from command line to 'None'
[2.127s] Level 5:colcon.colcon_core.verb:set package 'ros2_exercises' build argument 'cmake_target' from command line to 'None'
[2.127s] Level 5:colcon.colcon_core.verb:set package 'ros2_exercises' build argument 'cmake_target_skip_unavailable' from command line to 'False'
[2.127s] Level 5:colcon.colcon_core.verb:set package 'ros2_exercises' build argument 'cmake_clean_cache' from command line to 'False'
[2.127s] Level 5:colcon.colcon_core.verb:set package 'ros2_exercises' build argument 'cmake_clean_first' from command line to 'False'
[2.127s] Level 5:colcon.colcon_core.verb:set package 'ros2_exercises' build argument 'cmake_force_configure' from command line to 'False'
[2.127s] Level 5:colcon.colcon_core.verb:set package 'ros2_exercises' build argument 'ament_cmake_args' from command line to 'None'
[2.127s] Level 5:colcon.colcon_core.verb:set package 'ros2_exercises' build argument 'catkin_cmake_args' from command line to 'None'
[2.127s] Level 5:colcon.colcon_core.verb:set package 'ros2_exercises' build argument 'catkin_skip_building_tests' from command line to 'False'
[2.127s] DEBUG:colcon.colcon_core.verb:Building package 'ros2_exercises' with the following arguments: {'ament_cmake_args': None, 'build_base': '/home/hmashood/exercises_ws/build/ros2_exercises', 'catkin_cmake_args': None, 'catkin_skip_building_tests': False, 'cmake_args': None, 'cmake_clean_cache': False, 'cmake_clean_first': False, 'cmake_force_configure': False, 'cmake_target': None, 'cmake_target_skip_unavailable': False, 'install_base': '/home/hmashood/exercises_ws/install/ros2_exercises', 'merge_install': False, 'path': '/home/hmashood/exercises_ws/src/ros2_exercises', 'symlink_install': True, 'test_result_base': None}
[2.128s] INFO:colcon.colcon_core.executor:Executing jobs using 'parallel' executor
[2.130s] DEBUG:colcon.colcon_parallel_executor.executor.parallel:run_until_complete
[2.131s] INFO:colcon.colcon_ros.task.ament_python.build:Building ROS package in '/home/hmashood/exercises_ws/src/path_planner_example' with build type 'ament_python'
[2.131s] Level 1:colcon.colcon_core.shell:create_environment_hook('path_planner_example', 'ament_prefix_path')
[2.146s] INFO:colcon.colcon_core.plugin_system:Skipping extension 'colcon_core.shell.bat': Not used on non-Windows systems
[2.148s] INFO:colcon.colcon_core.shell:Creating environment hook '/home/hmashood/exercises_ws/install/path_planner_example/share/path_planner_example/hook/ament_prefix_path.ps1'
[2.153s] INFO:colcon.colcon_core.shell:Creating environment descriptor '/home/hmashood/exercises_ws/install/path_planner_example/share/path_planner_example/hook/ament_prefix_path.dsv'
[2.174s] INFO:colcon.colcon_core.shell:Creating environment hook '/home/hmashood/exercises_ws/install/path_planner_example/share/path_planner_example/hook/ament_prefix_path.sh'
[2.176s] INFO:colcon.colcon_core.shell:Skip shell extension 'powershell' for command environment: Not usable outside of PowerShell
[2.177s] DEBUG:colcon.colcon_core.shell:Skip shell extension 'dsv' for command environment
[2.199s] INFO:colcon.colcon_ros.task.ament_python.build:Building ROS package in '/home/hmashood/exercises_ws/src/ros2_exercises' with build type 'ament_python'
[2.200s] Level 1:colcon.colcon_core.shell:create_environment_hook('ros2_exercises', 'ament_prefix_path')
[2.201s] INFO:colcon.colcon_core.shell:Creating environment hook '/home/hmashood/exercises_ws/install/ros2_exercises/share/ros2_exercises/hook/ament_prefix_path.ps1'
[2.204s] INFO:colcon.colcon_core.shell:Creating environment descriptor '/home/hmashood/exercises_ws/install/ros2_exercises/share/ros2_exercises/hook/ament_prefix_path.dsv'
[2.206s] INFO:colcon.colcon_core.shell:Creating environment hook '/home/hmashood/exercises_ws/install/ros2_exercises/share/ros2_exercises/hook/ament_prefix_path.sh'
[2.207s] INFO:colcon.colcon_core.shell:Skip shell extension 'powershell' for command environment: Not usable outside of PowerShell
[2.207s] DEBUG:colcon.colcon_core.shell:Skip shell extension 'dsv' for command environment
[4.531s] INFO:colcon.colcon_core.task.python.build:Building Python package in '/home/hmashood/exercises_ws/src/path_planner_example'
[4.532s] INFO:colcon.colcon_core.shell:Skip shell extension 'powershell' for command environment: Not usable outside of PowerShell
[4.532s] DEBUG:colcon.colcon_core.shell:Skip shell extension 'dsv' for command environment
[7.143s] INFO:colcon.colcon_core.task.python.build:Building Python package in '/home/hmashood/exercises_ws/src/ros2_exercises'
[7.145s] INFO:colcon.colcon_core.shell:Skip shell extension 'powershell' for command environment: Not usable outside of PowerShell
[7.145s] DEBUG:colcon.colcon_core.shell:Skip shell extension 'dsv' for command environment
[11.186s] DEBUG:colcon.colcon_core.event_handler.log_command:Invoking command in '/home/hmashood/exercises_ws/build/path_planner_example': PYTHONPATH=/home/hmashood/exercises_ws/build/path_planner_example/prefix_override:/usr/lib/python3/dist-packages/colcon_core/task/python/colcon_distutils_commands:/home/hmashood/exercises_ws/install/path_planner_example/lib/python3.10/site-packages:${PYTHONPATH} /usr/bin/python3 -W ignore:setup.py install is deprecated -W ignore:easy_install command is deprecated setup.py develop --editable --build-directory /home/hmashood/exercises_ws/build/path_planner_example/build --no-deps symlink_data
[11.616s] DEBUG:colcon.colcon_core.event_handler.log_command:Invoking command in '/home/hmashood/exercises_ws/build/ros2_exercises': PYTHONPATH=/home/hmashood/exercises_ws/build/ros2_exercises/prefix_override:/usr/lib/python3/dist-packages/colcon_core/task/python/colcon_distutils_commands:/home/hmashood/exercises_ws/install/ros2_exercises/lib/python3.10/site-packages:${PYTHONPATH} /usr/bin/python3 -W ignore:setup.py install is deprecated -W ignore:easy_install command is deprecated setup.py develop --editable --build-directory /home/hmashood/exercises_ws/build/ros2_exercises/build --no-deps symlink_data
[15.373s] Level 1:colcon.colcon_core.shell:create_environment_hook('path_planner_example', 'pythonpath_develop')
[15.374s] DEBUG:colcon.colcon_core.event_handler.log_command:Invoked command in '/home/hmashood/exercises_ws/build/path_planner_example' returned '0': PYTHONPATH=/home/hmashood/exercises_ws/build/path_planner_example/prefix_override:/usr/lib/python3/dist-packages/colcon_core/task/python/colcon_distutils_commands:/home/hmashood/exercises_ws/install/path_planner_example/lib/python3.10/site-packages:${PYTHONPATH} /usr/bin/python3 -W ignore:setup.py install is deprecated -W ignore:easy_install command is deprecated setup.py develop --editable --build-directory /home/hmashood/exercises_ws/build/path_planner_example/build --no-deps symlink_data
[15.375s] INFO:colcon.colcon_core.shell:Creating environment hook '/home/hmashood/exercises_ws/build/path_planner_example/share/path_planner_example/hook/pythonpath_develop.ps1'
[15.380s] INFO:colcon.colcon_core.shell:Creating environment descriptor '/home/hmashood/exercises_ws/build/path_planner_example/share/path_planner_example/hook/pythonpath_develop.dsv'
[15.380s] INFO:colcon.colcon_core.shell:Creating environment hook '/home/hmashood/exercises_ws/build/path_planner_example/share/path_planner_example/hook/pythonpath_develop.sh'
[15.400s] Level 1:colcon.colcon_core.environment:checking '/home/hmashood/exercises_ws/install/path_planner_example' for CMake module files
[15.400s] Level 1:colcon.colcon_core.environment:checking '/home/hmashood/exercises_ws/install/path_planner_example' for CMake config files
[15.406s] Level 1:colcon.colcon_core.environment:checking '/home/hmashood/exercises_ws/install/path_planner_example/lib'
[15.424s] Level 1:colcon.colcon_core.environment:checking '/home/hmashood/exercises_ws/install/path_planner_example/bin'
[15.425s] Level 1:colcon.colcon_core.environment:checking '/home/hmashood/exercises_ws/install/path_planner_example/lib/pkgconfig/path_planner_example.pc'
[15.427s] Level 1:colcon.colcon_core.environment:checking '/home/hmashood/exercises_ws/install/path_planner_example/lib/python3.10/site-packages'
[15.429s] Level 1:colcon.colcon_core.shell:create_environment_hook('path_planner_example', 'pythonpath')
[15.431s] INFO:colcon.colcon_core.shell:Creating environment hook '/home/hmashood/exercises_ws/install/path_planner_example/share/path_planner_example/hook/pythonpath.ps1'
[15.432s] INFO:colcon.colcon_core.shell:Creating environment descriptor '/home/hmashood/exercises_ws/install/path_planner_example/share/path_planner_example/hook/pythonpath.dsv'
[15.433s] INFO:colcon.colcon_core.shell:Creating environment hook '/home/hmashood/exercises_ws/install/path_planner_example/share/path_planner_example/hook/pythonpath.sh'
[15.439s] Level 1:colcon.colcon_core.environment:checking '/home/hmashood/exercises_ws/install/path_planner_example/bin'
[15.440s] Level 1:colcon.colcon_core.environment:create_environment_scripts_only(path_planner_example)
[15.441s] INFO:colcon.colcon_core.shell:Creating package script '/home/hmashood/exercises_ws/install/path_planner_example/share/path_planner_example/package.ps1'
[15.445s] INFO:colcon.colcon_core.shell:Creating package descriptor '/home/hmashood/exercises_ws/install/path_planner_example/share/path_planner_example/package.dsv'
[15.446s] INFO:colcon.colcon_core.shell:Creating package script '/home/hmashood/exercises_ws/install/path_planner_example/share/path_planner_example/package.sh'
[15.463s] INFO:colcon.colcon_core.shell:Creating package script '/home/hmashood/exercises_ws/install/path_planner_example/share/path_planner_example/package.bash'
[15.465s] INFO:colcon.colcon_core.shell:Creating package script '/home/hmashood/exercises_ws/install/path_planner_example/share/path_planner_example/package.zsh'
[15.466s] Level 1:colcon.colcon_core.environment:create_file_with_runtime_dependencies(/home/hmashood/exercises_ws/install/path_planner_example/share/colcon-core/packages/path_planner_example)
[16.615s] Level 1:colcon.colcon_core.shell:create_environment_hook('ros2_exercises', 'pythonpath_develop')
[16.615s] INFO:colcon.colcon_core.shell:Creating environment hook '/home/hmashood/exercises_ws/build/ros2_exercises/share/ros2_exercises/hook/pythonpath_develop.ps1'
[16.616s] DEBUG:colcon.colcon_core.event_handler.log_command:Invoked command in '/home/hmashood/exercises_ws/build/ros2_exercises' returned '0': PYTHONPATH=/home/hmashood/exercises_ws/build/ros2_exercises/prefix_override:/usr/lib/python3/dist-packages/colcon_core/task/python/colcon_distutils_commands:/home/hmashood/exercises_ws/install/ros2_exercises/lib/python3.10/site-packages:${PYTHONPATH} /usr/bin/python3 -W ignore:setup.py install is deprecated -W ignore:easy_install command is deprecated setup.py develop --editable --build-directory /home/hmashood/exercises_ws/build/ros2_exercises/build --no-deps symlink_data
[16.621s] INFO:colcon.colcon_core.shell:Creating environment descriptor '/home/hmashood/exercises_ws/build/ros2_exercises/share/ros2_exercises/hook/pythonpath_develop.dsv'
[16.624s] INFO:colcon.colcon_core.shell:Creating environment hook '/home/hmashood/exercises_ws/build/ros2_exercises/share/ros2_exercises/hook/pythonpath_develop.sh'
[16.626s] Level 1:colcon.colcon_core.environment:checking '/home/hmashood/exercises_ws/install/ros2_exercises' for CMake module files
[16.627s] Level 1:colcon.colcon_core.environment:checking '/home/hmashood/exercises_ws/install/ros2_exercises' for CMake config files
[16.628s] Level 1:colcon.colcon_core.environment:checking '/home/hmashood/exercises_ws/install/ros2_exercises/lib'
[16.628s] Level 1:colcon.colcon_core.environment:checking '/home/hmashood/exercises_ws/install/ros2_exercises/bin'
[16.628s] Level 1:colcon.colcon_core.environment:checking '/home/hmashood/exercises_ws/install/ros2_exercises/lib/pkgconfig/ros2_exercises.pc'
[16.629s] Level 1:colcon.colcon_core.environment:checking '/home/hmashood/exercises_ws/install/ros2_exercises/lib/python3.10/site-packages'
[16.629s] Level 1:colcon.colcon_core.shell:create_environment_hook('ros2_exercises', 'pythonpath')
[16.630s] INFO:colcon.colcon_core.shell:Creating environment hook '/home/hmashood/exercises_ws/install/ros2_exercises/share/ros2_exercises/hook/pythonpath.ps1'
[16.631s] INFO:colcon.colcon_core.shell:Creating environment descriptor '/home/hmashood/exercises_ws/install/ros2_exercises/share/ros2_exercises/hook/pythonpath.dsv'
[16.633s] INFO:colcon.colcon_core.shell:Creating environment hook '/home/hmashood/exercises_ws/install/ros2_exercises/share/ros2_exercises/hook/pythonpath.sh'
[16.635s] Level 1:colcon.colcon_core.environment:checking '/home/hmashood/exercises_ws/install/ros2_exercises/bin'
[16.636s] Level 1:colcon.colcon_core.environment:create_environment_scripts_only(ros2_exercises)
[16.647s] INFO:colcon.colcon_core.shell:Creating package script '/home/hmashood/exercises_ws/install/ros2_exercises/share/ros2_exercises/package.ps1'
[16.654s] INFO:colcon.colcon_core.shell:Creating package descriptor '/home/hmashood/exercises_ws/install/ros2_exercises/share/ros2_exercises/package.dsv'
[16.663s] INFO:colcon.colcon_core.shell:Creating package script '/home/hmashood/exercises_ws/install/ros2_exercises/share/ros2_exercises/package.sh'
[16.671s] INFO:colcon.colcon_core.shell:Creating package script '/home/hmashood/exercises_ws/install/ros2_exercises/share/ros2_exercises/package.bash'
[16.681s] INFO:colcon.colcon_core.shell:Creating package script '/home/hmashood/exercises_ws/install/ros2_exercises/share/ros2_exercises/package.zsh'
[16.699s] Level 1:colcon.colcon_core.environment:create_file_with_runtime_dependencies(/home/hmashood/exercises_ws/install/ros2_exercises/share/colcon-core/packages/ros2_exercises)
[16.710s] DEBUG:colcon.colcon_parallel_executor.executor.parallel:closing loop
[16.713s] DEBUG:colcon.colcon_parallel_executor.executor.parallel:loop closed
[16.716s] DEBUG:colcon.colcon_parallel_executor.executor.parallel:run_until_complete finished with '0'
[16.716s] DEBUG:colcon.colcon_core.event_reactor:joining thread
[16.776s] INFO:colcon.colcon_core.plugin_system:Skipping extension 'colcon_notification.desktop_notification.terminal_notifier': Not used on non-Darwin systems
[16.778s] INFO:colcon.colcon_core.plugin_system:Skipping extension 'colcon_notification.desktop_notification.win32': Not used on non-Windows systems
[16.778s] INFO:colcon.colcon_notification.desktop_notification:Sending desktop notification using 'notify2'
[17.972s] DEBUG:colcon.colcon_core.event_reactor:joined thread
[17.973s] INFO:colcon.colcon_core.shell:Creating prefix script '/home/hmashood/exercises_ws/install/local_setup.ps1'
[17.977s] INFO:colcon.colcon_core.shell:Creating prefix util module '/home/hmashood/exercises_ws/install/_local_setup_util_ps1.py'
[17.980s] INFO:colcon.colcon_core.shell:Creating prefix chain script '/home/hmashood/exercises_ws/install/setup.ps1'
[17.992s] INFO:colcon.colcon_core.shell:Creating prefix script '/home/hmashood/exercises_ws/install/local_setup.sh'
[17.997s] INFO:colcon.colcon_core.shell:Creating prefix util module '/home/hmashood/exercises_ws/install/_local_setup_util_sh.py'
[18.001s] INFO:colcon.colcon_core.shell:Creating prefix chain script '/home/hmashood/exercises_ws/install/setup.sh'
[18.025s] INFO:colcon.colcon_core.shell:Creating prefix script '/home/hmashood/exercises_ws/install/local_setup.bash'
[18.032s] INFO:colcon.colcon_core.shell:Creating prefix chain script '/home/hmashood/exercises_ws/install/setup.bash'
[18.047s] INFO:colcon.colcon_core.shell:Creating prefix script '/home/hmashood/exercises_ws/install/local_setup.zsh'
[18.065s] INFO:colcon.colcon_core.shell:Creating prefix chain script '/home/hmashood/exercises_ws/install/setup.zsh'
