[1.777s] DEBUG:colcon:Command line arguments: ['/usr/bin/colcon', 'build', '--symlink-install']
[1.777s] DEBUG:colcon:Parsed command line arguments: Namespace(log_base=None, log_level=None, verb_name='build', build_base='build', install_base='install', merge_install=False, symlink_install=True, test_result_base=None, continue_on_error=False, executor='parallel', parallel_workers=14, event_handlers=None, ignore_user_meta=False, metas=['./colcon.meta'], base_paths=['.'], packages_ignore=None, packages_ignore_regex=None, paths=None, packages_up_to=None, packages_up_to_regex=None, packages_above=None, packages_above_and_dependencies=None, packages_above_depth=None, packages_select_by_dep=None, packages_skip_by_dep=None, packages_skip_up_to=None, packages_select_build_failed=False, packages_skip_build_finished=False, packages_select_test_failures=False, packages_skip_test_passed=False, packages_select=None, packages_skip=None, packages_select_regex=None, packages_skip_regex=None, packages_start=None, packages_end=None, allow_overriding=[], cmake_args=None, cmake_target=None, cmake_target_skip_unavailable=False, cmake_clean_cache=False, cmake_clean_first=False, cmake_force_configure=False, ament_cmake_args=None, catkin_cmake_args=None, catkin_skip_building_tests=False, verb_parser=<colcon_defaults.argument_parser.defaults.DefaultArgumentsDecorator object at 0x7f13c15752d0>, verb_extension=<colcon_core.verb.build.BuildVerb object at 0x7f13c1574490>, main=<bound method BuildVerb.main of <colcon_core.verb.build.BuildVerb object at 0x7f13c1574490>>)
[2.900s] Level 1:colcon.colcon_core.package_discovery:discover_packages(colcon_meta) check parameters
[2.901s] Level 1:colcon.colcon_core.package_discovery:discover_packages(recursive) check parameters
[2.901s] Level 1:colcon.colcon_core.package_discovery:discover_packages(ignore) check parameters
[2.902s] Level 1:colcon.colcon_core.package_discovery:discover_packages(path) check parameters
[2.910s] Level 1:colcon.colcon_core.package_discovery:discover_packages(colcon_meta) discover
[2.911s] Level 1:colcon.colcon_core.package_discovery:discover_packages(recursive) discover
[2.911s] INFO:colcon.colcon_core.package_discovery:Crawling recursively for packages in '/home/hmashood/exercises_ws'
[2.913s] Level 1:colcon.colcon_core.package_identification:_identify(.) by extensions ['ignore', 'ignore_ament_install']
[2.913s] Level 1:colcon.colcon_core.package_identification:_identify(.) by extension 'ignore'
[2.913s] Level 1:colcon.colcon_core.package_identification:_identify(.) by extension 'ignore_ament_install'
[2.913s] Level 1:colcon.colcon_core.package_identification:_identify(.) by extensions ['colcon_pkg']
[2.913s] Level 1:colcon.colcon_core.package_identification:_identify(.) by extension 'colcon_pkg'
[2.914s] Level 1:colcon.colcon_core.package_identification:_identify(.) by extensions ['colcon_meta']
[2.914s] Level 1:colcon.colcon_core.package_identification:_identify(.) by extension 'colcon_meta'
[2.920s] Level 1:colcon.colcon_core.package_identification:_identify(.) by extensions ['ros']
[2.921s] Level 1:colcon.colcon_core.package_identification:_identify(.) by extension 'ros'
[2.987s] Level 1:colcon.colcon_core.package_identification:_identify(.) by extensions ['cmake', 'python']
[2.988s] Level 1:colcon.colcon_core.package_identification:_identify(.) by extension 'cmake'
[2.988s] Level 1:colcon.colcon_core.package_identification:_identify(.) by extension 'python'
[2.988s] Level 1:colcon.colcon_core.package_identification:_identify(.) by extensions ['python_setup_py']
[2.988s] Level 1:colcon.colcon_core.package_identification:_identify(.) by extension 'python_setup_py'
[2.988s] Level 1:colcon.colcon_core.package_identification:_identify(build) by extensions ['ignore', 'ignore_ament_install']
[2.988s] Level 1:colcon.colcon_core.package_identification:_identify(build) by extension 'ignore'
[2.988s] Level 1:colcon.colcon_core.package_identification:_identify(build) ignored
[2.989s] Level 1:colcon.colcon_core.package_identification:_identify(install) by extensions ['ignore', 'ignore_ament_install']
[2.990s] Level 1:colcon.colcon_core.package_identification:_identify(install) by extension 'ignore'
[2.990s] Level 1:colcon.colcon_core.package_identification:_identify(install) ignored
[2.990s] Level 1:colcon.colcon_core.package_identification:_identify(log) by extensions ['ignore', 'ignore_ament_install']
[2.990s] Level 1:colcon.colcon_core.package_identification:_identify(log) by extension 'ignore'
[2.990s] Level 1:colcon.colcon_core.package_identification:_identify(log) ignored
[2.991s] Level 1:colcon.colcon_core.package_identification:_identify(src) by extensions ['ignore', 'ignore_ament_install']
[2.991s] Level 1:colcon.colcon_core.package_identification:_identify(src) by extension 'ignore'
[2.991s] Level 1:colcon.colcon_core.package_identification:_identify(src) by extension 'ignore_ament_install'
[2.991s] Level 1:colcon.colcon_core.package_identification:_identify(src) by extensions ['colcon_pkg']
[2.991s] Level 1:colcon.colcon_core.package_identification:_identify(src) by extension 'colcon_pkg'
[2.991s] Level 1:colcon.colcon_core.package_identification:_identify(src) by extensions ['colcon_meta']
[2.991s] Level 1:colcon.colcon_core.package_identification:_identify(src) by extension 'colcon_meta'
[2.992s] Level 1:colcon.colcon_core.package_identification:_identify(src) by extensions ['ros']
[2.992s] Level 1:colcon.colcon_core.package_identification:_identify(src) by extension 'ros'
[2.992s] Level 1:colcon.colcon_core.package_identification:_identify(src) by extensions ['cmake', 'python']
[2.992s] Level 1:colcon.colcon_core.package_identification:_identify(src) by extension 'cmake'
[2.992s] Level 1:colcon.colcon_core.package_identification:_identify(src) by extension 'python'
[2.992s] Level 1:colcon.colcon_core.package_identification:_identify(src) by extensions ['python_setup_py']
[2.993s] Level 1:colcon.colcon_core.package_identification:_identify(src) by extension 'python_setup_py'
[2.993s] Level 1:colcon.colcon_core.package_identification:_identify(src/path_planner_example) by extensions ['ignore', 'ignore_ament_install']
[2.993s] Level 1:colcon.colcon_core.package_identification:_identify(src/path_planner_example) by extension 'ignore'
[2.993s] Level 1:colcon.colcon_core.package_identification:_identify(src/path_planner_example) by extension 'ignore_ament_install'
[2.994s] Level 1:colcon.colcon_core.package_identification:_identify(src/path_planner_example) by extensions ['colcon_pkg']
[2.994s] Level 1:colcon.colcon_core.package_identification:_identify(src/path_planner_example) by extension 'colcon_pkg'
[2.994s] Level 1:colcon.colcon_core.package_identification:_identify(src/path_planner_example) by extensions ['colcon_meta']
[2.994s] Level 1:colcon.colcon_core.package_identification:_identify(src/path_planner_example) by extension 'colcon_meta'
[2.994s] Level 1:colcon.colcon_core.package_identification:_identify(src/path_planner_example) by extensions ['ros']
[2.994s] Level 1:colcon.colcon_core.package_identification:_identify(src/path_planner_example) by extension 'ros'
[3.003s] DEBUG:colcon.colcon_core.package_identification:Package 'src/path_planner_example' with type 'ros.ament_python' and name 'path_planner_example'
[3.003s] Level 1:colcon.colcon_core.package_identification:_identify(src/ros2_exercises) by extensions ['ignore', 'ignore_ament_install']
[3.003s] Level 1:colcon.colcon_core.package_identification:_identify(src/ros2_exercises) by extension 'ignore'
[3.010s] Level 1:colcon.colcon_core.package_identification:_identify(src/ros2_exercises) by extension 'ignore_ament_install'
[3.011s] Level 1:colcon.colcon_core.package_identification:_identify(src/ros2_exercises) by extensions ['colcon_pkg']
[3.011s] Level 1:colcon.colcon_core.package_identification:_identify(src/ros2_exercises) by extension 'colcon_pkg'
[3.011s] Level 1:colcon.colcon_core.package_identification:_identify(src/ros2_exercises) by extensions ['colcon_meta']
[3.011s] Level 1:colcon.colcon_core.package_identification:_identify(src/ros2_exercises) by extension 'colcon_meta'
[3.011s] Level 1:colcon.colcon_core.package_identification:_identify(src/ros2_exercises) by extensions ['ros']
[3.011s] Level 1:colcon.colcon_core.package_identification:_identify(src/ros2_exercises) by extension 'ros'
[3.014s] DEBUG:colcon.colcon_core.package_identification:Package 'src/ros2_exercises' with type 'ros.ament_python' and name 'ros2_exercises'
[3.014s] Level 1:colcon.colcon_core.package_discovery:discover_packages(recursive) using defaults
[3.014s] Level 1:colcon.colcon_core.package_discovery:discover_packages(ignore) discover
[3.014s] Level 1:colcon.colcon_core.package_discovery:discover_packages(ignore) using defaults
[3.014s] Level 1:colcon.colcon_core.package_discovery:discover_packages(path) discover
[3.014s] Level 1:colcon.colcon_core.package_discovery:discover_packages(path) using defaults
[3.085s] Level 1:colcon.colcon_core.package_discovery:discover_packages(prefix_path) check parameters
[3.085s] Level 1:colcon.colcon_core.package_discovery:discover_packages(prefix_path) discover
[3.091s] DEBUG:colcon.colcon_installed_package_information.package_discovery:Found 2 installed packages in /home/hmashood/exercises_ws/install
[3.092s] DEBUG:colcon.colcon_installed_package_information.package_discovery:Found 4 installed packages in /home/hmashood/ros2_ws/install
[3.093s] DEBUG:colcon.colcon_installed_package_information.package_discovery:Found 2 installed packages in /home/hmashood/ros2_ws/src/install
[3.099s] DEBUG:colcon.colcon_installed_package_information.package_discovery:Found 327 installed packages in /opt/ros/humble
[3.156s] Level 1:colcon.colcon_core.package_discovery:discover_packages(prefix_path) using defaults
[3.346s] Level 5:colcon.colcon_core.verb:set package 'path_planner_example' build argument 'cmake_args' from command line to 'None'
[3.347s] Level 5:colcon.colcon_core.verb:set package 'path_planner_example' build argument 'cmake_target' from command line to 'None'
[3.347s] Level 5:colcon.colcon_core.verb:set package 'path_planner_example' build argument 'cmake_target_skip_unavailable' from command line to 'False'
[3.347s] Level 5:colcon.colcon_core.verb:set package 'path_planner_example' build argument 'cmake_clean_cache' from command line to 'False'
[3.347s] Level 5:colcon.colcon_core.verb:set package 'path_planner_example' build argument 'cmake_clean_first' from command line to 'False'
[3.347s] Level 5:colcon.colcon_core.verb:set package 'path_planner_example' build argument 'cmake_force_configure' from command line to 'False'
[3.347s] Level 5:colcon.colcon_core.verb:set package 'path_planner_example' build argument 'ament_cmake_args' from command line to 'None'
[3.347s] Level 5:colcon.colcon_core.verb:set package 'path_planner_example' build argument 'catkin_cmake_args' from command line to 'None'
[3.347s] Level 5:colcon.colcon_core.verb:set package 'path_planner_example' build argument 'catkin_skip_building_tests' from command line to 'False'
[3.347s] DEBUG:colcon.colcon_core.verb:Building package 'path_planner_example' with the following arguments: {'ament_cmake_args': None, 'build_base': '/home/hmashood/exercises_ws/build/path_planner_example', 'catkin_cmake_args': None, 'catkin_skip_building_tests': False, 'cmake_args': None, 'cmake_clean_cache': False, 'cmake_clean_first': False, 'cmake_force_configure': False, 'cmake_target': None, 'cmake_target_skip_unavailable': False, 'install_base': '/home/hmashood/exercises_ws/install/path_planner_example', 'merge_install': False, 'path': '/home/hmashood/exercises_ws/src/path_planner_example', 'symlink_install': True, 'test_result_base': None}
[3.348s] Level 5:colcon.colcon_core.verb:set package 'ros2_exercises' build argument 'cmake_args' from command line to 'None'
[3.348s] Level 5:colcon.colcon_core.verb:set package 'ros2_exercises' build argument 'cmake_target' from command line to 'None'
[3.348s] Level 5:colcon.colcon_core.verb:set package 'ros2_exercises' build argument 'cmake_target_skip_unavailable' from command line to 'False'
[3.348s] Level 5:colcon.colcon_core.verb:set package 'ros2_exercises' build argument 'cmake_clean_cache' from command line to 'False'
[3.349s] Level 5:colcon.colcon_core.verb:set package 'ros2_exercises' build argument 'cmake_clean_first' from command line to 'False'
[3.349s] Level 5:colcon.colcon_core.verb:set package 'ros2_exercises' build argument 'cmake_force_configure' from command line to 'False'
[3.349s] Level 5:colcon.colcon_core.verb:set package 'ros2_exercises' build argument 'ament_cmake_args' from command line to 'None'
[3.349s] Level 5:colcon.colcon_core.verb:set package 'ros2_exercises' build argument 'catkin_cmake_args' from command line to 'None'
[3.349s] Level 5:colcon.colcon_core.verb:set package 'ros2_exercises' build argument 'catkin_skip_building_tests' from command line to 'False'
[3.349s] DEBUG:colcon.colcon_core.verb:Building package 'ros2_exercises' with the following arguments: {'ament_cmake_args': None, 'build_base': '/home/hmashood/exercises_ws/build/ros2_exercises', 'catkin_cmake_args': None, 'catkin_skip_building_tests': False, 'cmake_args': None, 'cmake_clean_cache': False, 'cmake_clean_first': False, 'cmake_force_configure': False, 'cmake_target': None, 'cmake_target_skip_unavailable': False, 'install_base': '/home/hmashood/exercises_ws/install/ros2_exercises', 'merge_install': False, 'path': '/home/hmashood/exercises_ws/src/ros2_exercises', 'symlink_install': True, 'test_result_base': None}
[3.349s] INFO:colcon.colcon_core.executor:Executing jobs using 'parallel' executor
[3.353s] DEBUG:colcon.colcon_parallel_executor.executor.parallel:run_until_complete
[3.353s] INFO:colcon.colcon_ros.task.ament_python.build:Building ROS package in '/home/hmashood/exercises_ws/src/path_planner_example' with build type 'ament_python'
[3.354s] Level 1:colcon.colcon_core.shell:create_environment_hook('path_planner_example', 'ament_prefix_path')
[3.364s] INFO:colcon.colcon_core.plugin_system:Skipping extension 'colcon_core.shell.bat': Not used on non-Windows systems
[3.368s] INFO:colcon.colcon_core.shell:Creating environment hook '/home/hmashood/exercises_ws/install/path_planner_example/share/path_planner_example/hook/ament_prefix_path.ps1'
[3.371s] INFO:colcon.colcon_core.shell:Creating environment descriptor '/home/hmashood/exercises_ws/install/path_planner_example/share/path_planner_example/hook/ament_prefix_path.dsv'
[3.372s] INFO:colcon.colcon_core.shell:Creating environment hook '/home/hmashood/exercises_ws/install/path_planner_example/share/path_planner_example/hook/ament_prefix_path.sh'
[3.391s] INFO:colcon.colcon_core.shell:Skip shell extension 'powershell' for command environment: Not usable outside of PowerShell
[3.391s] DEBUG:colcon.colcon_core.shell:Skip shell extension 'dsv' for command environment
[3.420s] INFO:colcon.colcon_ros.task.ament_python.build:Building ROS package in '/home/hmashood/exercises_ws/src/ros2_exercises' with build type 'ament_python'
[3.421s] Level 1:colcon.colcon_core.shell:create_environment_hook('ros2_exercises', 'ament_prefix_path')
[3.422s] INFO:colcon.colcon_core.shell:Creating environment hook '/home/hmashood/exercises_ws/install/ros2_exercises/share/ros2_exercises/hook/ament_prefix_path.ps1'
[3.427s] INFO:colcon.colcon_core.shell:Creating environment descriptor '/home/hmashood/exercises_ws/install/ros2_exercises/share/ros2_exercises/hook/ament_prefix_path.dsv'
[3.428s] INFO:colcon.colcon_core.shell:Creating environment hook '/home/hmashood/exercises_ws/install/ros2_exercises/share/ros2_exercises/hook/ament_prefix_path.sh'
[3.431s] INFO:colcon.colcon_core.shell:Skip shell extension 'powershell' for command environment: Not usable outside of PowerShell
[3.432s] DEBUG:colcon.colcon_core.shell:Skip shell extension 'dsv' for command environment
[5.272s] INFO:colcon.colcon_core.task.python.build:Building Python package in '/home/hmashood/exercises_ws/src/path_planner_example'
[5.272s] INFO:colcon.colcon_core.shell:Skip shell extension 'powershell' for command environment: Not usable outside of PowerShell
[5.272s] DEBUG:colcon.colcon_core.shell:Skip shell extension 'dsv' for command environment
[10.109s] INFO:colcon.colcon_core.task.python.build:Building Python package in '/home/hmashood/exercises_ws/src/ros2_exercises'
[10.110s] INFO:colcon.colcon_core.shell:Skip shell extension 'powershell' for command environment: Not usable outside of PowerShell
[10.110s] DEBUG:colcon.colcon_core.shell:Skip shell extension 'dsv' for command environment
[15.211s] DEBUG:colcon.colcon_core.event_handler.log_command:Invoking command in '/home/hmashood/exercises_ws/build/ros2_exercises': PYTHONPATH=/home/hmashood/exercises_ws/build/ros2_exercises/prefix_override:/usr/lib/python3/dist-packages/colcon_core/task/python/colcon_distutils_commands:/home/hmashood/exercises_ws/install/ros2_exercises/lib/python3.10/site-packages:${PYTHONPATH} /usr/bin/python3 -W ignore:setup.py install is deprecated -W ignore:easy_install command is deprecated setup.py develop --editable --build-directory /home/hmashood/exercises_ws/build/ros2_exercises/build --no-deps symlink_data
[15.276s] DEBUG:colcon.colcon_core.event_handler.log_command:Invoking command in '/home/hmashood/exercises_ws/build/path_planner_example': PYTHONPATH=/home/hmashood/exercises_ws/build/path_planner_example/prefix_override:/usr/lib/python3/dist-packages/colcon_core/task/python/colcon_distutils_commands:/home/hmashood/exercises_ws/install/path_planner_example/lib/python3.10/site-packages:${PYTHONPATH} /usr/bin/python3 -W ignore:setup.py install is deprecated -W ignore:easy_install command is deprecated setup.py develop --editable --build-directory /home/hmashood/exercises_ws/build/path_planner_example/build --no-deps symlink_data
[20.880s] Level 1:colcon.colcon_core.shell:create_environment_hook('ros2_exercises', 'pythonpath_develop')
[20.881s] INFO:colcon.colcon_core.shell:Creating environment hook '/home/hmashood/exercises_ws/build/ros2_exercises/share/ros2_exercises/hook/pythonpath_develop.ps1'
[20.885s] DEBUG:colcon.colcon_core.event_handler.log_command:Invoked command in '/home/hmashood/exercises_ws/build/ros2_exercises' returned '0': PYTHONPATH=/home/hmashood/exercises_ws/build/ros2_exercises/prefix_override:/usr/lib/python3/dist-packages/colcon_core/task/python/colcon_distutils_commands:/home/hmashood/exercises_ws/install/ros2_exercises/lib/python3.10/site-packages:${PYTHONPATH} /usr/bin/python3 -W ignore:setup.py install is deprecated -W ignore:easy_install command is deprecated setup.py develop --editable --build-directory /home/hmashood/exercises_ws/build/ros2_exercises/build --no-deps symlink_data
[20.887s] INFO:colcon.colcon_core.shell:Creating environment descriptor '/home/hmashood/exercises_ws/build/ros2_exercises/share/ros2_exercises/hook/pythonpath_develop.dsv'
[20.889s] INFO:colcon.colcon_core.shell:Creating environment hook '/home/hmashood/exercises_ws/build/ros2_exercises/share/ros2_exercises/hook/pythonpath_develop.sh'
[20.925s] Level 1:colcon.colcon_core.environment:checking '/home/hmashood/exercises_ws/install/ros2_exercises' for CMake module files
[20.928s] Level 1:colcon.colcon_core.environment:checking '/home/hmashood/exercises_ws/install/ros2_exercises' for CMake config files
[20.949s] Level 1:colcon.colcon_core.environment:checking '/home/hmashood/exercises_ws/install/ros2_exercises/lib'
[20.949s] Level 1:colcon.colcon_core.environment:checking '/home/hmashood/exercises_ws/install/ros2_exercises/bin'
[20.950s] Level 1:colcon.colcon_core.environment:checking '/home/hmashood/exercises_ws/install/ros2_exercises/lib/pkgconfig/ros2_exercises.pc'
[20.961s] Level 1:colcon.colcon_core.environment:checking '/home/hmashood/exercises_ws/install/ros2_exercises/lib/python3.10/site-packages'
[20.962s] Level 1:colcon.colcon_core.shell:create_environment_hook('ros2_exercises', 'pythonpath')
[20.966s] INFO:colcon.colcon_core.shell:Creating environment hook '/home/hmashood/exercises_ws/install/ros2_exercises/share/ros2_exercises/hook/pythonpath.ps1'
[20.985s] INFO:colcon.colcon_core.shell:Creating environment descriptor '/home/hmashood/exercises_ws/install/ros2_exercises/share/ros2_exercises/hook/pythonpath.dsv'
[21.018s] INFO:colcon.colcon_core.shell:Creating environment hook '/home/hmashood/exercises_ws/install/ros2_exercises/share/ros2_exercises/hook/pythonpath.sh'
[21.034s] Level 1:colcon.colcon_core.environment:checking '/home/hmashood/exercises_ws/install/ros2_exercises/bin'
[21.036s] Level 1:colcon.colcon_core.environment:create_environment_scripts_only(ros2_exercises)
[21.040s] INFO:colcon.colcon_core.shell:Creating package script '/home/hmashood/exercises_ws/install/ros2_exercises/share/ros2_exercises/package.ps1'
[21.057s] INFO:colcon.colcon_core.shell:Creating package descriptor '/home/hmashood/exercises_ws/install/ros2_exercises/share/ros2_exercises/package.dsv'
[21.068s] INFO:colcon.colcon_core.shell:Creating package script '/home/hmashood/exercises_ws/install/ros2_exercises/share/ros2_exercises/package.sh'
[21.079s] INFO:colcon.colcon_core.shell:Creating package script '/home/hmashood/exercises_ws/install/ros2_exercises/share/ros2_exercises/package.bash'
[21.099s] INFO:colcon.colcon_core.shell:Creating package script '/home/hmashood/exercises_ws/install/ros2_exercises/share/ros2_exercises/package.zsh'
[21.117s] Level 1:colcon.colcon_core.environment:create_file_with_runtime_dependencies(/home/hmashood/exercises_ws/install/ros2_exercises/share/colcon-core/packages/ros2_exercises)
[21.517s] Level 1:colcon.colcon_core.shell:create_environment_hook('path_planner_example', 'pythonpath_develop')
[21.518s] INFO:colcon.colcon_core.shell:Creating environment hook '/home/hmashood/exercises_ws/build/path_planner_example/share/path_planner_example/hook/pythonpath_develop.ps1'
[21.519s] INFO:colcon.colcon_core.shell:Creating environment descriptor '/home/hmashood/exercises_ws/build/path_planner_example/share/path_planner_example/hook/pythonpath_develop.dsv'
[21.520s] INFO:colcon.colcon_core.shell:Creating environment hook '/home/hmashood/exercises_ws/build/path_planner_example/share/path_planner_example/hook/pythonpath_develop.sh'
[21.524s] Level 1:colcon.colcon_core.environment:checking '/home/hmashood/exercises_ws/install/path_planner_example' for CMake module files
[21.524s] DEBUG:colcon.colcon_core.event_handler.log_command:Invoked command in '/home/hmashood/exercises_ws/build/path_planner_example' returned '0': PYTHONPATH=/home/hmashood/exercises_ws/build/path_planner_example/prefix_override:/usr/lib/python3/dist-packages/colcon_core/task/python/colcon_distutils_commands:/home/hmashood/exercises_ws/install/path_planner_example/lib/python3.10/site-packages:${PYTHONPATH} /usr/bin/python3 -W ignore:setup.py install is deprecated -W ignore:easy_install command is deprecated setup.py develop --editable --build-directory /home/hmashood/exercises_ws/build/path_planner_example/build --no-deps symlink_data
[21.525s] Level 1:colcon.colcon_core.environment:checking '/home/hmashood/exercises_ws/install/path_planner_example' for CMake config files
[21.527s] Level 1:colcon.colcon_core.environment:checking '/home/hmashood/exercises_ws/install/path_planner_example/lib'
[21.528s] Level 1:colcon.colcon_core.environment:checking '/home/hmashood/exercises_ws/install/path_planner_example/bin'
[21.528s] Level 1:colcon.colcon_core.environment:checking '/home/hmashood/exercises_ws/install/path_planner_example/lib/pkgconfig/path_planner_example.pc'
[21.529s] Level 1:colcon.colcon_core.environment:checking '/home/hmashood/exercises_ws/install/path_planner_example/lib/python3.10/site-packages'
[21.530s] Level 1:colcon.colcon_core.shell:create_environment_hook('path_planner_example', 'pythonpath')
[21.534s] INFO:colcon.colcon_core.shell:Creating environment hook '/home/hmashood/exercises_ws/install/path_planner_example/share/path_planner_example/hook/pythonpath.ps1'
[21.539s] INFO:colcon.colcon_core.shell:Creating environment descriptor '/home/hmashood/exercises_ws/install/path_planner_example/share/path_planner_example/hook/pythonpath.dsv'
[21.547s] INFO:colcon.colcon_core.shell:Creating environment hook '/home/hmashood/exercises_ws/install/path_planner_example/share/path_planner_example/hook/pythonpath.sh'
[21.559s] Level 1:colcon.colcon_core.environment:checking '/home/hmashood/exercises_ws/install/path_planner_example/bin'
[21.561s] Level 1:colcon.colcon_core.environment:create_environment_scripts_only(path_planner_example)
[21.568s] INFO:colcon.colcon_core.shell:Creating package script '/home/hmashood/exercises_ws/install/path_planner_example/share/path_planner_example/package.ps1'
[21.599s] INFO:colcon.colcon_core.shell:Creating package descriptor '/home/hmashood/exercises_ws/install/path_planner_example/share/path_planner_example/package.dsv'
[21.635s] INFO:colcon.colcon_core.shell:Creating package script '/home/hmashood/exercises_ws/install/path_planner_example/share/path_planner_example/package.sh'
[21.654s] INFO:colcon.colcon_core.shell:Creating package script '/home/hmashood/exercises_ws/install/path_planner_example/share/path_planner_example/package.bash'
[21.674s] INFO:colcon.colcon_core.shell:Creating package script '/home/hmashood/exercises_ws/install/path_planner_example/share/path_planner_example/package.zsh'
[21.695s] Level 1:colcon.colcon_core.environment:create_file_with_runtime_dependencies(/home/hmashood/exercises_ws/install/path_planner_example/share/colcon-core/packages/path_planner_example)
[21.733s] DEBUG:colcon.colcon_parallel_executor.executor.parallel:closing loop
[21.747s] DEBUG:colcon.colcon_parallel_executor.executor.parallel:loop closed
[21.749s] DEBUG:colcon.colcon_parallel_executor.executor.parallel:run_until_complete finished with '0'
[21.754s] DEBUG:colcon.colcon_core.event_reactor:joining thread
[21.845s] INFO:colcon.colcon_core.plugin_system:Skipping extension 'colcon_notification.desktop_notification.terminal_notifier': Not used on non-Darwin systems
[21.846s] INFO:colcon.colcon_core.plugin_system:Skipping extension 'colcon_notification.desktop_notification.win32': Not used on non-Windows systems
[21.850s] INFO:colcon.colcon_notification.desktop_notification:Sending desktop notification using 'notify2'
[24.560s] DEBUG:colcon.colcon_core.event_reactor:joined thread
[24.561s] INFO:colcon.colcon_core.shell:Creating prefix script '/home/hmashood/exercises_ws/install/local_setup.ps1'
[24.563s] INFO:colcon.colcon_core.shell:Creating prefix util module '/home/hmashood/exercises_ws/install/_local_setup_util_ps1.py'
[24.569s] INFO:colcon.colcon_core.shell:Creating prefix chain script '/home/hmashood/exercises_ws/install/setup.ps1'
[24.592s] INFO:colcon.colcon_core.shell:Creating prefix script '/home/hmashood/exercises_ws/install/local_setup.sh'
[24.603s] INFO:colcon.colcon_core.shell:Creating prefix util module '/home/hmashood/exercises_ws/install/_local_setup_util_sh.py'
[24.648s] INFO:colcon.colcon_core.shell:Creating prefix chain script '/home/hmashood/exercises_ws/install/setup.sh'
[24.666s] INFO:colcon.colcon_core.shell:Creating prefix script '/home/hmashood/exercises_ws/install/local_setup.bash'
[24.675s] INFO:colcon.colcon_core.shell:Creating prefix chain script '/home/hmashood/exercises_ws/install/setup.bash'
[24.684s] INFO:colcon.colcon_core.shell:Creating prefix script '/home/hmashood/exercises_ws/install/local_setup.zsh'
[24.687s] INFO:colcon.colcon_core.shell:Creating prefix chain script '/home/hmashood/exercises_ws/install/setup.zsh'
